{"numFailedTestSuites":0,"numFailedTests":0,"numPassedTestSuites":7,"numPassedTests":48,"numPendingTestSuites":0,"numPendingTests":0,"numRuntimeErrorTestSuites":0,"numTodoTests":0,"numTotalTestSuites":7,"numTotalTests":48,"openHandles":[],"snapshot":{"added":0,"didUpdate":false,"failure":false,"filesAdded":0,"filesRemoved":0,"filesRemovedList":[],"filesUnmatched":0,"filesUpdated":0,"matched":2,"total":2,"unchecked":0,"uncheckedKeysByFile":[],"unmatched":0,"updated":0},"startTime":1614293425618,"success":true,"testResults":[{"assertionResults":[{"ancestorTitles":["DynoItem.drag.vue"],"failureMessages":[],"fullName":"DynoItem.drag.vue render slot correctly","location":null,"status":"passed","title":"render slot correctly"},{"ancestorTitles":["DynoItem.drag.vue"],"failureMessages":[],"fullName":"DynoItem.drag.vue does not move if click different drag handle div","location":null,"status":"passed","title":"does not move if click different drag handle div"},{"ancestorTitles":["DynoItem.drag.vue"],"failureMessages":[],"fullName":"DynoItem.drag.vue do not move from drag-cancel div","location":null,"status":"passed","title":"do not move from drag-cancel div"},{"ancestorTitles":["DynoItem.drag.vue"],"failureMessages":[],"fullName":"DynoItem.drag.vue move only from drag-handle div","location":null,"status":"passed","title":"move only from drag-handle div"}],"endTime":1614293433736,"message":"","name":"E:\\workspace_personal\\dyno-item\\tests\\unit\\DynoItem.drag.spec.js","startTime":1614293429123,"status":"passed","summary":""},{"assertionResults":[{"ancestorTitles":["DynoItem.vue"],"failureMessages":[],"fullName":"DynoItem.vue renders correctly","location":null,"status":"passed","title":"renders correctly"},{"ancestorTitles":["DynoItem.vue"],"failureMessages":[],"fullName":"DynoItem.vue it emit activated onMounted","location":null,"status":"passed","title":"it emit activated onMounted"},{"ancestorTitles":["DynoItem.vue"],"failureMessages":[],"fullName":"DynoItem.vue deselect when mousedown on documentElement","location":null,"status":"passed","title":"deselect when mousedown on documentElement"},{"ancestorTitles":["DynoItem.vue"],"failureMessages":[],"fullName":"DynoItem.vue aspectRation change when lockAspectRatio props change","location":null,"status":"passed","title":"aspectRation change when lockAspectRatio props change"}],"endTime":1614293433833,"message":"","name":"E:\\workspace_personal\\dyno-item\\tests\\unit\\DynoItem.spec.js","startTime":1614293429343,"status":"passed","summary":""},{"assertionResults":[{"ancestorTitles":["DynoItem.handles.vue"],"failureMessages":[],"fullName":"DynoItem.handles.vue have no handles","location":null,"status":"passed","title":"have no handles"},{"ancestorTitles":["DynoItem.handles.vue"],"failureMessages":[],"fullName":"DynoItem.handles.vue have handle ml and can resize with it","location":null,"status":"passed","title":"have handle ml and can resize with it"},{"ancestorTitles":["DynoItem.handles.vue"],"failureMessages":[],"fullName":"DynoItem.handles.vue have handle bl and can resize with it","location":null,"status":"passed","title":"have handle bl and can resize with it"},{"ancestorTitles":["DynoItem.handles.vue"],"failureMessages":[],"fullName":"DynoItem.handles.vue have handle bm and can resize with it","location":null,"status":"passed","title":"have handle bm and can resize with it"},{"ancestorTitles":["DynoItem.handles.vue"],"failureMessages":[],"fullName":"DynoItem.handles.vue have handle br and can resize with it","location":null,"status":"passed","title":"have handle br and can resize with it"},{"ancestorTitles":["DynoItem.handles.vue"],"failureMessages":[],"fullName":"DynoItem.handles.vue have handle mr and can resize with it","location":null,"status":"passed","title":"have handle mr and can resize with it"},{"ancestorTitles":["DynoItem.handles.vue"],"failureMessages":[],"fullName":"DynoItem.handles.vue have handle tl and can resize with it","location":null,"status":"passed","title":"have handle tl and can resize with it"},{"ancestorTitles":["DynoItem.handles.vue"],"failureMessages":[],"fullName":"DynoItem.handles.vue have handle tm and can resize with it","location":null,"status":"passed","title":"have handle tm and can resize with it"},{"ancestorTitles":["DynoItem.handles.vue"],"failureMessages":[],"fullName":"DynoItem.handles.vue have handle tr and can resize with it","location":null,"status":"passed","title":"have handle tr and can resize with it"}],"endTime":1614293433843,"message":"","name":"E:\\workspace_personal\\dyno-item\\tests\\unit\\DynoItem.handles.spec.js","startTime":1614293429145,"status":"passed","summary":""},{"assertionResults":[{"ancestorTitles":["DynoItem.transform.vue"],"failureMessages":[],"fullName":"DynoItem.transform.vue does not move horizontally when x props change, and the item is dragging or resizing","location":null,"status":"passed","title":"does not move horizontally when x props change, and the item is dragging or resizing"},{"ancestorTitles":["DynoItem.transform.vue"],"failureMessages":[],"fullName":"DynoItem.transform.vue does not move vertically when y props change, and the item is dragging or resizing","location":null,"status":"passed","title":"does not move vertically when y props change, and the item is dragging or resizing"},{"ancestorTitles":["DynoItem.transform.vue"],"failureMessages":[],"fullName":"DynoItem.transform.vue change zIndex style value","location":null,"status":"passed","title":"change zIndex style value"},{"ancestorTitles":["DynoItem.transform.vue"],"failureMessages":[],"fullName":"DynoItem.transform.vue change scale value","location":null,"status":"passed","title":"change scale value"},{"ancestorTitles":["DynoItem.transform.vue"],"failureMessages":[],"fullName":"DynoItem.transform.vue move vertically when y props change","location":null,"status":"passed","title":"move vertically when y props change"},{"ancestorTitles":["DynoItem.transform.vue"],"failureMessages":[],"fullName":"DynoItem.transform.vue move horizontally when x props change","location":null,"status":"passed","title":"move horizontally when x props change"},{"ancestorTitles":["DynoItem.transform.vue"],"failureMessages":[],"fullName":"DynoItem.transform.vue does not change width when w props change, and the item is dragging or resizing","location":null,"status":"passed","title":"does not change width when w props change, and the item is dragging or resizing"},{"ancestorTitles":["DynoItem.transform.vue"],"failureMessages":[],"fullName":"DynoItem.transform.vue change width when w props change and lockAspectRatio is true","location":null,"status":"passed","title":"change width when w props change and lockAspectRatio is true"},{"ancestorTitles":["DynoItem.transform.vue"],"failureMessages":[],"fullName":"DynoItem.transform.vue change width when w props change","location":null,"status":"passed","title":"change width when w props change"},{"ancestorTitles":["DynoItem.transform.vue"],"failureMessages":[],"fullName":"DynoItem.transform.vue does not change width when h props change, and the item is dragging or resizing","location":null,"status":"passed","title":"does not change width when h props change, and the item is dragging or resizing"},{"ancestorTitles":["DynoItem.transform.vue"],"failureMessages":[],"fullName":"DynoItem.transform.vue change height when h props change and lockAspectRatio is true","location":null,"status":"passed","title":"change height when h props change and lockAspectRatio is true"},{"ancestorTitles":["DynoItem.transform.vue"],"failureMessages":[],"fullName":"DynoItem.transform.vue change height when h props change","location":null,"status":"passed","title":"change height when h props change"},{"ancestorTitles":["DynoItem.transform.vue"],"failureMessages":[],"fullName":"DynoItem.transform.vue change height when h props change with auto value","location":null,"status":"passed","title":"change height when h props change with auto value"},{"ancestorTitles":["DynoItem.transform.vue"],"failureMessages":[],"fullName":"DynoItem.transform.vue change width when w props change with auto value","location":null,"status":"passed","title":"change width when w props change with auto value"}],"endTime":1614293433858,"message":"","name":"E:\\workspace_personal\\dyno-item\\tests\\unit\\DynoItem.transfrom.spec.js","startTime":1614293429141,"status":"passed","summary":""},{"assertionResults":[{"ancestorTitles":["DynoItem.resizing.vue"],"failureMessages":[],"fullName":"DynoItem.resizing.vue does not keep aspect ratio when resizing","location":null,"status":"passed","title":"does not keep aspect ratio when resizing"},{"ancestorTitles":["DynoItem.resizing.vue"],"failureMessages":[],"fullName":"DynoItem.resizing.vue resize until reach minWidth and minHeight","location":null,"status":"passed","title":"resize until reach minWidth and minHeight"},{"ancestorTitles":["DynoItem.resizing.vue"],"failureMessages":[],"fullName":"DynoItem.resizing.vue resize until reach maxWidth and maxHeight","location":null,"status":"passed","title":"resize until reach maxWidth and maxHeight"},{"ancestorTitles":["DynoItem.resizing.vue"],"failureMessages":[],"fullName":"DynoItem.resizing.vue Keep aspect ratio when resizing","location":null,"status":"passed","title":"Keep aspect ratio when resizing"},{"ancestorTitles":["DynoItem.resizing.vue"],"failureMessages":[],"fullName":"DynoItem.resizing.vue Keep aspect ratio with parent constraint when resizing","location":null,"status":"passed","title":"Keep aspect ratio with parent constraint when resizing"}],"endTime":1614293434029,"message":"","name":"E:\\workspace_personal\\dyno-item\\tests\\unit\\DynoItem.resizing.spec.js","startTime":1614293429278,"status":"passed","summary":""},{"assertionResults":[{"ancestorTitles":["DynoItem.controls.vue"],"failureMessages":[],"fullName":"DynoItem.controls.vue does not move when draggable prop is false","location":null,"status":"passed","title":"does not move when draggable prop is false"},{"ancestorTitles":["DynoItem.controls.vue"],"failureMessages":[],"fullName":"DynoItem.controls.vue resize when resize prop is true","location":null,"status":"passed","title":"resize when resize prop is true"},{"ancestorTitles":["DynoItem.controls.vue"],"failureMessages":[],"fullName":"DynoItem.controls.vue move when draggable prop is true","location":null,"status":"passed","title":"move when draggable prop is true"},{"ancestorTitles":["DynoItem.controls.vue"],"failureMessages":[],"fullName":"DynoItem.controls.vue disableUserSelect when drag","location":null,"status":"passed","title":"disableUserSelect when drag"},{"ancestorTitles":["DynoItem.controls.vue"],"failureMessages":[],"fullName":"DynoItem.controls.vue not disableUserSelect when drag","location":null,"status":"passed","title":"not disableUserSelect when drag"},{"ancestorTitles":["DynoItem.controls.vue"],"failureMessages":[],"fullName":"DynoItem.controls.vue active when active props change","location":null,"status":"passed","title":"active when active props change"},{"ancestorTitles":["DynoItem.controls.vue"],"failureMessages":[],"fullName":"DynoItem.controls.vue does not deactivated when preventDeactivation it set to true","location":null,"status":"passed","title":"does not deactivated when preventDeactivation it set to true"},{"ancestorTitles":["DynoItem.controls.vue"],"failureMessages":[],"fullName":"DynoItem.controls.vue enableNativeDrag","location":null,"status":"passed","title":"enableNativeDrag"},{"ancestorTitles":["DynoItem.controls.vue"],"failureMessages":[],"fullName":"DynoItem.controls.vue move vertically when axis is set to y","location":null,"status":"passed","title":"move vertically when axis is set to y"},{"ancestorTitles":["DynoItem.controls.vue"],"failureMessages":[],"fullName":"DynoItem.controls.vue move horizontally when axis is set to x","location":null,"status":"passed","title":"move horizontally when axis is set to x"},{"ancestorTitles":["DynoItem.controls.vue"],"failureMessages":[],"fullName":"DynoItem.controls.vue move horizontally and vertically when axis is set to both","location":null,"status":"passed","title":"move horizontally and vertically when axis is set to both"}],"endTime":1614293434059,"message":"","name":"E:\\workspace_personal\\dyno-item\\tests\\unit\\DynoItem.controls.spec.js","startTime":1614293429150,"status":"passed","summary":""},{"assertionResults":[{"ancestorTitles":["DynoItem.parent.vue"],"failureMessages":[],"fullName":"DynoItem.parent.vue move outside parent","location":null,"status":"passed","title":"move outside parent"}],"endTime":1614293434151,"message":"","name":"E:\\workspace_personal\\dyno-item\\tests\\unit\\DynoItem.parent.spec.js","startTime":1614293429533,"status":"passed","summary":""}],"wasInterrupted":false,"coverageMap":{"E:\\workspace_personal\\dyno-item\\src\\components\\DynoItem.vue":{"path":"E:\\workspace_personal\\dyno-item\\src\\components\\DynoItem.vue","statementMap":{"0":{"start":{"line":32,"column":0},"end":{"line":32,"column":null}},"1":{"start":{"line":35,"column":0},"end":{"line":35,"column":null}},"2":{"start":{"line":36,"column":0},"end":{"line":36,"column":null}},"3":{"start":{"line":37,"column":0},"end":{"line":37,"column":null}},"4":{"start":{"line":38,"column":0},"end":{"line":38,"column":null}},"5":{"start":{"line":39,"column":0},"end":{"line":39,"column":null}},"6":{"start":{"line":45,"column":0},"end":{"line":45,"column":null}},"7":{"start":{"line":46,"column":0},"end":{"line":46,"column":null}},"8":{"start":{"line":48,"column":23},"end":{"line":48,"column":null}},"9":{"start":{"line":54,"column":23},"end":{"line":54,"column":null}},"10":{"start":{"line":61,"column":15},"end":{"line":61,"column":null}},"11":{"start":{"line":136,"column":21},"end":{"line":136,"column":null}},"12":{"start":{"line":140,"column":21},"end":{"line":140,"column":null}},"13":{"start":{"line":146,"column":8},"end":{"line":148,"column":null}},"14":{"start":{"line":147,"column":10},"end":{"line":147,"column":17}},"15":{"start":{"line":149,"column":8},"end":{"line":149,"column":15}},"16":{"start":{"line":154,"column":21},"end":{"line":154,"column":null}},"17":{"start":{"line":158,"column":21},"end":{"line":158,"column":null}},"18":{"start":{"line":162,"column":21},"end":{"line":162,"column":22}},"19":{"start":{"line":164,"column":18},"end":{"line":164,"column":22}},"20":{"start":{"line":165,"column":8},"end":{"line":165,"column":15}},"21":{"start":{"line":165,"column":41},"end":{"line":165,"column":42}},"22":{"start":{"line":170,"column":21},"end":{"line":170,"column":22}},"23":{"start":{"line":176,"column":4},"end":{"line":178,"column":null}},"24":{"start":{"line":177,"column":6},"end":{"line":177,"column":13}},"25":{"start":{"line":180,"column":4},"end":{"line":182,"column":null}},"26":{"start":{"line":181,"column":6},"end":{"line":181,"column":13}},"27":{"start":{"line":183,"column":20},"end":{"line":183,"column":29}},"28":{"start":{"line":201,"column":31},"end":{"line":201,"column":35}},"29":{"start":{"line":202,"column":17},"end":{"line":202,"column":21}},"30":{"start":{"line":203,"column":20},"end":{"line":203,"column":null}},"31":{"start":{"line":204,"column":22},"end":{"line":204,"column":26}},"32":{"start":{"line":205,"column":25},"end":{"line":205,"column":29}},"33":{"start":{"line":206,"column":24},"end":{"line":206,"column":28}},"34":{"start":{"line":207,"column":25},"end":{"line":207,"column":29}},"35":{"start":{"line":208,"column":20},"end":{"line":208,"column":24}},"36":{"start":{"line":209,"column":27},"end":{"line":214,"column":null}},"37":{"start":{"line":211,"column":6},"end":{"line":213,"column":null}},"38":{"start":{"line":212,"column":8},"end":{"line":212,"column":12}},"39":{"start":{"line":212,"column":39},"end":{"line":212,"column":null}},"40":{"start":{"line":215,"column":37},"end":{"line":229,"column":null}},"41":{"start":{"line":216,"column":6},"end":{"line":216,"column":24}},"42":{"start":{"line":219,"column":6},"end":{"line":219,"column":13}},"43":{"start":{"line":230,"column":4},"end":{"line":230,"column":null}},"44":{"start":{"line":233,"column":8},"end":{"line":233,"column":16}},"45":{"start":{"line":248,"column":8},"end":{"line":248,"column":18}},"46":{"start":{"line":262,"column":4},"end":{"line":262,"column":17}},"47":{"start":{"line":272,"column":22},"end":{"line":285,"column":null}},"48":{"start":{"line":273,"column":25},"end":{"line":273,"column":null}},"49":{"start":{"line":274,"column":20},"end":{"line":274,"column":24}},"50":{"start":{"line":275,"column":6},"end":{"line":283,"column":null}},"51":{"start":{"line":276,"column":8},"end":{"line":279,"column":null}},"52":{"start":{"line":277,"column":10},"end":{"line":277,"column":17}},"53":{"start":{"line":278,"column":10},"end":{"line":278,"column":17}},"54":{"start":{"line":280,"column":8},"end":{"line":282,"column":null}},"55":{"start":{"line":281,"column":10},"end":{"line":281,"column":22}},"56":{"start":{"line":284,"column":6},"end":{"line":284,"column":null}},"57":{"start":{"line":286,"column":28},"end":{"line":292,"column":null}},"58":{"start":{"line":287,"column":6},"end":{"line":291,"column":null}},"59":{"start":{"line":288,"column":8},"end":{"line":288,"column":9}},"60":{"start":{"line":289,"column":8},"end":{"line":289,"column":15}},"61":{"start":{"line":290,"column":8},"end":{"line":290,"column":15}},"62":{"start":{"line":293,"column":4},"end":{"line":293,"column":14}},"63":{"start":{"line":294,"column":6},"end":{"line":294,"column":19}},"64":{"start":{"line":295,"column":6},"end":{"line":295,"column":7}},"65":{"start":{"line":296,"column":6},"end":{"line":296,"column":7}},"66":{"start":{"line":297,"column":6},"end":{"line":297,"column":18}},"67":{"start":{"line":298,"column":6},"end":{"line":298,"column":13}},"68":{"start":{"line":299,"column":6},"end":{"line":299,"column":13}},"69":{"start":{"line":300,"column":6},"end":{"line":300,"column":13}},"70":{"start":{"line":301,"column":6},"end":{"line":301,"column":13}},"71":{"start":{"line":302,"column":6},"end":{"line":304,"column":null}},"72":{"start":{"line":303,"column":8},"end":{"line":303,"column":15}},"73":{"start":{"line":305,"column":6},"end":{"line":305,"column":15}},"74":{"start":{"line":306,"column":6},"end":{"line":306,"column":15}},"75":{"start":{"line":307,"column":6},"end":{"line":307,"column":15}},"76":{"start":{"line":309,"column":24},"end":{"line":309,"column":33}},"77":{"start":{"line":309,"column":40},"end":{"line":309,"column":null}},"78":{"start":{"line":312,"column":18},"end":{"line":312,"column":27}},"79":{"start":{"line":312,"column":34},"end":{"line":312,"column":null}},"80":{"start":{"line":321,"column":25},"end":{"line":321,"column":34}},"81":{"start":{"line":321,"column":41},"end":{"line":321,"column":null}},"82":{"start":{"line":328,"column":4},"end":{"line":328,"column":20}},"83":{"start":{"line":329,"column":6},"end":{"line":329,"column":18}},"84":{"start":{"line":330,"column":6},"end":{"line":330,"column":18}},"85":{"start":{"line":331,"column":6},"end":{"line":331,"column":18}},"86":{"start":{"line":334,"column":4},"end":{"line":334,"column":10}},"87":{"start":{"line":334,"column":16},"end":{"line":334,"column":39}},"88":{"start":{"line":335,"column":6},"end":{"line":339,"column":null}},"89":{"start":{"line":336,"column":8},"end":{"line":336,"column":20}},"90":{"start":{"line":338,"column":8},"end":{"line":338,"column":20}},"91":{"start":{"line":341,"column":4},"end":{"line":341,"column":10}},"92":{"start":{"line":341,"column":16},"end":{"line":341,"column":30}},"93":{"start":{"line":342,"column":6},"end":{"line":342,"column":null}},"94":{"start":{"line":344,"column":4},"end":{"line":344,"column":10}},"95":{"start":{"line":344,"column":16},"end":{"line":344,"column":40}},"96":{"start":{"line":345,"column":6},"end":{"line":345,"column":19}},"97":{"start":{"line":347,"column":4},"end":{"line":347,"column":10}},"98":{"start":{"line":347,"column":16},"end":{"line":347,"column":30}},"99":{"start":{"line":348,"column":6},"end":{"line":348,"column":13}},"100":{"start":{"line":349,"column":6},"end":{"line":353,"column":null}},"101":{"start":{"line":350,"column":8},"end":{"line":350,"column":15}},"102":{"start":{"line":352,"column":8},"end":{"line":352,"column":15}},"103":{"start":{"line":356,"column":4},"end":{"line":356,"column":11}}},"fnMap":{"0":{"name":"(anonymous_0)","decl":{"start":{"line":136,"column":15},"end":{"line":136,"column":21}},"loc":{"start":{"line":136,"column":21},"end":{"line":136,"column":null}}},"1":{"name":"(anonymous_1)","decl":{"start":{"line":140,"column":15},"end":{"line":140,"column":21}},"loc":{"start":{"line":140,"column":21},"end":{"line":140,"column":null}}},"2":{"name":"(anonymous_2)","decl":{"start":{"line":145,"column":18},"end":{"line":145,"column":26}},"loc":{"start":{"line":145,"column":26},"end":{"line":150,"column":null}}},"3":{"name":"(anonymous_3)","decl":{"start":{"line":154,"column":15},"end":{"line":154,"column":21}},"loc":{"start":{"line":154,"column":21},"end":{"line":154,"column":null}}},"4":{"name":"(anonymous_4)","decl":{"start":{"line":158,"column":15},"end":{"line":158,"column":21}},"loc":{"start":{"line":158,"column":21},"end":{"line":158,"column":null}}},"5":{"name":"(anonymous_5)","decl":{"start":{"line":162,"column":15},"end":{"line":162,"column":21}},"loc":{"start":{"line":162,"column":21},"end":{"line":162,"column":22}}},"6":{"name":"(anonymous_6)","decl":{"start":{"line":163,"column":18},"end":{"line":163,"column":26}},"loc":{"start":{"line":163,"column":26},"end":{"line":166,"column":null}}},"7":{"name":"(anonymous_7)","decl":{"start":{"line":165,"column":35},"end":{"line":165,"column":41}},"loc":{"start":{"line":165,"column":41},"end":{"line":165,"column":42}}},"8":{"name":"(anonymous_8)","decl":{"start":{"line":170,"column":15},"end":{"line":170,"column":21}},"loc":{"start":{"line":170,"column":21},"end":{"line":170,"column":22}}},"9":{"name":"(anonymous_9)","decl":{"start":{"line":173,"column":2},"end":{"line":173,"column":7}},"loc":{"start":{"line":173,"column":24},"end":{"line":375,"column":null}}},"10":{"name":"(anonymous_10)","decl":{"start":{"line":209,"column":27},"end":{"line":209,"column":35}},"loc":{"start":{"line":209,"column":35},"end":{"line":214,"column":null}}},"11":{"name":"(anonymous_11)","decl":{"start":{"line":212,"column":33},"end":{"line":212,"column":39}},"loc":{"start":{"line":212,"column":39},"end":{"line":212,"column":null}}},"12":{"name":"(anonymous_12)","decl":{"start":{"line":215,"column":37},"end":{"line":215,"column":43}},"loc":{"start":{"line":215,"column":43},"end":{"line":229,"column":null}}},"13":{"name":"(anonymous_13)","decl":{"start":{"line":272,"column":22},"end":{"line":272,"column":28}},"loc":{"start":{"line":272,"column":28},"end":{"line":285,"column":null}}},"14":{"name":"(anonymous_14)","decl":{"start":{"line":286,"column":28},"end":{"line":286,"column":34}},"loc":{"start":{"line":286,"column":34},"end":{"line":292,"column":null}}},"15":{"name":"(anonymous_15)","decl":{"start":{"line":293,"column":14},"end":{"line":293,"column":20}},"loc":{"start":{"line":293,"column":20},"end":{"line":308,"column":null}}},"16":{"name":"(anonymous_16)","decl":{"start":{"line":309,"column":33},"end":{"line":309,"column":40}},"loc":{"start":{"line":309,"column":40},"end":{"line":309,"column":null}}},"17":{"name":"(anonymous_17)","decl":{"start":{"line":312,"column":27},"end":{"line":312,"column":34}},"loc":{"start":{"line":312,"column":34},"end":{"line":312,"column":null}}},"18":{"name":"(anonymous_18)","decl":{"start":{"line":321,"column":34},"end":{"line":321,"column":41}},"loc":{"start":{"line":321,"column":41},"end":{"line":321,"column":null}}},"19":{"name":"(anonymous_19)","decl":{"start":{"line":328,"column":20},"end":{"line":328,"column":26}},"loc":{"start":{"line":328,"column":26},"end":{"line":332,"column":null}}},"20":{"name":"(anonymous_20)","decl":{"start":{"line":334,"column":10},"end":{"line":334,"column":16}},"loc":{"start":{"line":334,"column":16},"end":{"line":334,"column":39}}},"21":{"name":"(anonymous_21)","decl":{"start":{"line":334,"column":40},"end":{"line":334,"column":48}},"loc":{"start":{"line":334,"column":48},"end":{"line":340,"column":null}}},"22":{"name":"(anonymous_22)","decl":{"start":{"line":341,"column":10},"end":{"line":341,"column":16}},"loc":{"start":{"line":341,"column":16},"end":{"line":341,"column":30}}},"23":{"name":"(anonymous_23)","decl":{"start":{"line":341,"column":30},"end":{"line":341,"column":36}},"loc":{"start":{"line":341,"column":36},"end":{"line":343,"column":null}}},"24":{"name":"(anonymous_24)","decl":{"start":{"line":344,"column":10},"end":{"line":344,"column":16}},"loc":{"start":{"line":344,"column":16},"end":{"line":344,"column":40}}},"25":{"name":"(anonymous_25)","decl":{"start":{"line":344,"column":41},"end":{"line":344,"column":49}},"loc":{"start":{"line":344,"column":49},"end":{"line":346,"column":null}}},"26":{"name":"(anonymous_26)","decl":{"start":{"line":347,"column":10},"end":{"line":347,"column":16}},"loc":{"start":{"line":347,"column":16},"end":{"line":347,"column":30}}},"27":{"name":"(anonymous_27)","decl":{"start":{"line":347,"column":31},"end":{"line":347,"column":39}},"loc":{"start":{"line":347,"column":39},"end":{"line":354,"column":null}}}},"branchMap":{"0":{"loc":{"start":{"line":146,"column":8},"end":{"line":148,"column":null}},"type":"if","locations":[{"start":{"line":146,"column":8},"end":{"line":148,"column":null}},{"start":{"line":146,"column":8},"end":{"line":148,"column":null}}]},"1":{"loc":{"start":{"line":149,"column":15},"end":{"line":149,"column":35}},"type":"binary-expr","locations":[{"start":{"line":149,"column":15},"end":{"line":149,"column":35}},{"start":{"line":149,"column":35},"end":{"line":149,"column":49}},{"start":{"line":149,"column":49},"end":{"line":149,"column":null}}]},"2":{"loc":{"start":{"line":176,"column":4},"end":{"line":178,"column":null}},"type":"if","locations":[{"start":{"line":176,"column":4},"end":{"line":178,"column":null}},{"start":{"line":176,"column":4},"end":{"line":178,"column":null}}]},"3":{"loc":{"start":{"line":176,"column":8},"end":{"line":176,"column":28}},"type":"binary-expr","locations":[{"start":{"line":176,"column":8},"end":{"line":176,"column":28}},{"start":{"line":176,"column":28},"end":{"line":176,"column":63}}]},"4":{"loc":{"start":{"line":180,"column":4},"end":{"line":182,"column":null}},"type":"if","locations":[{"start":{"line":180,"column":4},"end":{"line":182,"column":null}},{"start":{"line":180,"column":4},"end":{"line":182,"column":null}}]},"5":{"loc":{"start":{"line":180,"column":8},"end":{"line":180,"column":28}},"type":"binary-expr","locations":[{"start":{"line":180,"column":8},"end":{"line":180,"column":28}},{"start":{"line":180,"column":28},"end":{"line":180,"column":65}}]},"6":{"loc":{"start":{"line":211,"column":6},"end":{"line":213,"column":null}},"type":"if","locations":[{"start":{"line":211,"column":6},"end":{"line":213,"column":null}},{"start":{"line":211,"column":6},"end":{"line":213,"column":null}}]},"7":{"loc":{"start":{"line":275,"column":6},"end":{"line":283,"column":null}},"type":"if","locations":[{"start":{"line":275,"column":6},"end":{"line":283,"column":null}},{"start":{"line":275,"column":6},"end":{"line":283,"column":null}}]},"8":{"loc":{"start":{"line":275,"column":10},"end":{"line":275,"column":15}},"type":"binary-expr","locations":[{"start":{"line":275,"column":10},"end":{"line":275,"column":15}},{"start":{"line":275,"column":42},"end":{"line":275,"column":48}}]},"9":{"loc":{"start":{"line":276,"column":8},"end":{"line":279,"column":null}},"type":"if","locations":[{"start":{"line":276,"column":8},"end":{"line":279,"column":null}},{"start":{"line":276,"column":8},"end":{"line":279,"column":null}}]},"10":{"loc":{"start":{"line":276,"column":12},"end":{"line":276,"column":29}},"type":"binary-expr","locations":[{"start":{"line":276,"column":12},"end":{"line":276,"column":29}},{"start":{"line":276,"column":29},"end":{"line":276,"column":57}}]},"11":{"loc":{"start":{"line":280,"column":8},"end":{"line":282,"column":null}},"type":"if","locations":[{"start":{"line":280,"column":8},"end":{"line":282,"column":null}},{"start":{"line":280,"column":8},"end":{"line":282,"column":null}}]},"12":{"loc":{"start":{"line":287,"column":6},"end":{"line":291,"column":null}},"type":"if","locations":[{"start":{"line":287,"column":6},"end":{"line":291,"column":null}},{"start":{"line":287,"column":6},"end":{"line":291,"column":null}}]},"13":{"loc":{"start":{"line":297,"column":49},"end":{"line":297,"column":59}},"type":"cond-expr","locations":[{"start":{"line":297,"column":49},"end":{"line":297,"column":59}},{"start":{"line":297,"column":59},"end":{"line":297,"column":77}}]},"14":{"loc":{"start":{"line":297,"column":98},"end":{"line":297,"column":108}},"type":"cond-expr","locations":[{"start":{"line":297,"column":98},"end":{"line":297,"column":108}},{"start":{"line":297,"column":108},"end":{"line":297,"column":null}}]},"15":{"loc":{"start":{"line":298,"column":43},"end":{"line":298,"column":53}},"type":"cond-expr","locations":[{"start":{"line":298,"column":43},"end":{"line":298,"column":53}},{"start":{"line":298,"column":53},"end":{"line":298,"column":null}}]},"16":{"loc":{"start":{"line":299,"column":44},"end":{"line":299,"column":54}},"type":"cond-expr","locations":[{"start":{"line":299,"column":44},"end":{"line":299,"column":54}},{"start":{"line":299,"column":54},"end":{"line":299,"column":null}}]},"17":{"loc":{"start":{"line":302,"column":6},"end":{"line":304,"column":null}},"type":"if","locations":[{"start":{"line":302,"column":6},"end":{"line":304,"column":null}},{"start":{"line":302,"column":6},"end":{"line":304,"column":null}}]},"18":{"loc":{"start":{"line":310,"column":31},"end":{"line":310,"column":41}},"type":"cond-expr","locations":[{"start":{"line":310,"column":31},"end":{"line":310,"column":41}},{"start":{"line":310,"column":41},"end":{"line":310,"column":null}}]},"19":{"loc":{"start":{"line":319,"column":54},"end":{"line":319,"column":71}},"type":"cond-expr","locations":[{"start":{"line":319,"column":54},"end":{"line":319,"column":71}},{"start":{"line":319,"column":71},"end":{"line":319,"column":null}}]},"20":{"loc":{"start":{"line":319,"column":10},"end":{"line":319,"column":28}},"type":"binary-expr","locations":[{"start":{"line":319,"column":10},"end":{"line":319,"column":28}},{"start":{"line":319,"column":28},"end":{"line":319,"column":54}}]},"21":{"loc":{"start":{"line":326,"column":54},"end":{"line":326,"column":71}},"type":"cond-expr","locations":[{"start":{"line":326,"column":54},"end":{"line":326,"column":71}},{"start":{"line":326,"column":71},"end":{"line":326,"column":null}}]},"22":{"loc":{"start":{"line":326,"column":10},"end":{"line":326,"column":28}},"type":"binary-expr","locations":[{"start":{"line":326,"column":10},"end":{"line":326,"column":28}},{"start":{"line":326,"column":28},"end":{"line":326,"column":54}}]},"23":{"loc":{"start":{"line":335,"column":6},"end":{"line":339,"column":null}},"type":"if","locations":[{"start":{"line":335,"column":6},"end":{"line":339,"column":null}},{"start":{"line":335,"column":6},"end":{"line":339,"column":null}}]},"24":{"loc":{"start":{"line":349,"column":6},"end":{"line":353,"column":null}},"type":"if","locations":[{"start":{"line":349,"column":6},"end":{"line":353,"column":null}},{"start":{"line":349,"column":6},"end":{"line":353,"column":null}}]}},"s":{"0":7,"1":7,"2":7,"3":7,"4":7,"5":7,"6":7,"7":7,"8":7,"9":7,"10":7,"11":18,"12":64,"13":77,"14":77,"15":0,"16":14,"17":12,"18":42,"19":77,"20":77,"21":552,"22":51,"23":51,"24":0,"25":51,"26":0,"27":51,"28":51,"29":51,"30":51,"31":51,"32":51,"33":51,"34":51,"35":51,"36":51,"37":52,"38":51,"39":4,"40":51,"41":106,"42":106,"43":51,"44":51,"45":51,"46":51,"47":51,"48":5,"49":5,"50":5,"51":3,"52":2,"53":2,"54":3,"55":3,"56":5,"57":51,"58":2,"59":2,"60":2,"61":2,"62":51,"63":51,"64":51,"65":51,"66":51,"67":51,"68":51,"69":51,"70":51,"71":51,"72":2,"73":51,"74":51,"75":51,"76":51,"77":65,"78":51,"79":143,"80":51,"81":141,"82":51,"83":48,"84":48,"85":48,"86":51,"87":53,"88":2,"89":1,"90":1,"91":51,"92":53,"93":2,"94":51,"95":52,"96":1,"97":51,"98":53,"99":2,"100":2,"101":2,"102":0,"103":51},"f":{"0":18,"1":64,"2":77,"3":14,"4":12,"5":42,"6":77,"7":552,"8":51,"9":51,"10":52,"11":4,"12":106,"13":5,"14":2,"15":51,"16":65,"17":143,"18":141,"19":48,"20":53,"21":2,"22":53,"23":2,"24":52,"25":1,"26":53,"27":2},"b":{"0":[77,0],"1":[0,0,0],"2":[0,51],"3":[51,1],"4":[0,51],"5":[51,1],"6":[51,1],"7":[3,2],"8":[5,3],"9":[2,1],"10":[3,3],"11":[3,0],"12":[2,0],"13":[51,0],"14":[51,0],"15":[51,0],"16":[51,0],"17":[2,49],"18":[15,50],"19":[11,132],"20":[143,12],"21":[9,132],"22":[141,10],"23":[1,1],"24":[2,0]}},"E:\\workspace_personal\\dyno-item\\src\\utils\\events.js":{"path":"E:\\workspace_personal\\dyno-item\\src\\utils\\events.js","statementMap":{},"fnMap":{},"branchMap":{},"s":{},"f":{},"b":{},"_coverageSchema":"43e27e138ebf9cfc5966b082cf9a028302ed4184","hash":"161a115920dcdb56f7e1363ac8915c4f53b7eaa3"},"E:\\workspace_personal\\dyno-item\\src\\hooks\\drag.js":{"path":"E:\\workspace_personal\\dyno-item\\src\\hooks\\drag.js","statementMap":{"0":{"start":{"line":13,"column":21},"end":{"line":13,"column":31}},"1":{"start":{"line":14,"column":19},"end":{"line":14,"column":29}},"2":{"start":{"line":15,"column":18},"end":{"line":26,"column":3}},"3":{"start":{"line":16,"column":4},"end":{"line":16,"column":31}},"4":{"start":{"line":19,"column":4},"end":{"line":19,"column":29}},"5":{"start":{"line":21,"column":4},"end":{"line":25,"column":5}},"6":{"start":{"line":23,"column":6},"end":{"line":23,"column":29}},"7":{"start":{"line":24,"column":6},"end":{"line":24,"column":59}},"8":{"start":{"line":27,"column":21},"end":{"line":59,"column":3}},"9":{"start":{"line":28,"column":22},"end":{"line":28,"column":137}},"10":{"start":{"line":29,"column":22},"end":{"line":29,"column":137}},"11":{"start":{"line":30,"column":29},"end":{"line":30,"column":86}},"12":{"start":{"line":31,"column":20},"end":{"line":33,"column":5}},"13":{"start":{"line":34,"column":19},"end":{"line":36,"column":5}},"14":{"start":{"line":37,"column":4},"end":{"line":39,"column":5}},"15":{"start":{"line":38,"column":6},"end":{"line":38,"column":13}},"16":{"start":{"line":40,"column":21},"end":{"line":42,"column":5}},"17":{"start":{"line":43,"column":22},"end":{"line":47,"column":5}},"18":{"start":{"line":49,"column":4},"end":{"line":49,"column":27}},"19":{"start":{"line":51,"column":4},"end":{"line":51,"column":25}},"20":{"start":{"line":53,"column":4},"end":{"line":53,"column":29}},"21":{"start":{"line":55,"column":4},"end":{"line":55,"column":31}},"22":{"start":{"line":56,"column":4},"end":{"line":56,"column":56}},"23":{"start":{"line":58,"column":4},"end":{"line":58,"column":26}},"24":{"start":{"line":60,"column":15},"end":{"line":64,"column":3}},"25":{"start":{"line":61,"column":4},"end":{"line":63,"column":5}},"26":{"start":{"line":62,"column":6},"end":{"line":62,"column":20}},"27":{"start":{"line":65,"column":22},"end":{"line":123,"column":3}},"28":{"start":{"line":69,"column":4},"end":{"line":71,"column":5}},"29":{"start":{"line":70,"column":6},"end":{"line":70,"column":13}},"30":{"start":{"line":73,"column":19},"end":{"line":73,"column":43}},"31":{"start":{"line":74,"column":4},"end":{"line":122,"column":5}},"32":{"start":{"line":76,"column":6},"end":{"line":78,"column":7}},"33":{"start":{"line":77,"column":8},"end":{"line":77,"column":15}},"34":{"start":{"line":79,"column":6},"end":{"line":88,"column":7}},"35":{"start":{"line":86,"column":8},"end":{"line":86,"column":33}},"36":{"start":{"line":87,"column":8},"end":{"line":87,"column":15}},"37":{"start":{"line":89,"column":6},"end":{"line":93,"column":7}},"38":{"start":{"line":91,"column":8},"end":{"line":91,"column":29}},"39":{"start":{"line":92,"column":8},"end":{"line":92,"column":34}},"40":{"start":{"line":94,"column":6},"end":{"line":97,"column":7}},"41":{"start":{"line":96,"column":8},"end":{"line":96,"column":32}},"42":{"start":{"line":99,"column":6},"end":{"line":99,"column":81}},"43":{"start":{"line":101,"column":6},"end":{"line":101,"column":81}},"44":{"start":{"line":103,"column":6},"end":{"line":103,"column":51}},"45":{"start":{"line":105,"column":6},"end":{"line":105,"column":53}},"46":{"start":{"line":107,"column":6},"end":{"line":107,"column":49}},"47":{"start":{"line":109,"column":6},"end":{"line":109,"column":55}},"48":{"start":{"line":111,"column":6},"end":{"line":119,"column":7}},"49":{"start":{"line":113,"column":8},"end":{"line":118,"column":10}},"50":{"start":{"line":120,"column":6},"end":{"line":120,"column":69}},"51":{"start":{"line":121,"column":6},"end":{"line":121,"column":72}},"52":{"start":{"line":130,"column":27},"end":{"line":134,"column":3}},"53":{"start":{"line":132,"column":4},"end":{"line":132,"column":35}},"54":{"start":{"line":133,"column":4},"end":{"line":133,"column":23}},"55":{"start":{"line":135,"column":27},"end":{"line":139,"column":3}},"56":{"start":{"line":137,"column":4},"end":{"line":137,"column":35}},"57":{"start":{"line":138,"column":4},"end":{"line":138,"column":19}},"58":{"start":{"line":140,"column":2},"end":{"line":143,"column":5}},"59":{"start":{"line":141,"column":4},"end":{"line":141,"column":61}},"60":{"start":{"line":142,"column":4},"end":{"line":142,"column":61}},"61":{"start":{"line":144,"column":2},"end":{"line":146,"column":4}}},"fnMap":{"0":{"name":"useDrag","decl":{"start":{"line":9,"column":24},"end":{"line":9,"column":31}},"loc":{"start":{"line":12,"column":3},"end":{"line":147,"column":1}},"line":12},"1":{"name":"(anonymous_1)","decl":{"start":{"line":15,"column":18},"end":{"line":15,"column":19}},"loc":{"start":{"line":15,"column":24},"end":{"line":26,"column":3}},"line":15},"2":{"name":"(anonymous_2)","decl":{"start":{"line":27,"column":21},"end":{"line":27,"column":22}},"loc":{"start":{"line":27,"column":28},"end":{"line":59,"column":3}},"line":27},"3":{"name":"(anonymous_3)","decl":{"start":{"line":60,"column":15},"end":{"line":60,"column":16}},"loc":{"start":{"line":60,"column":22},"end":{"line":64,"column":3}},"line":60},"4":{"name":"(anonymous_4)","decl":{"start":{"line":65,"column":22},"end":{"line":65,"column":23}},"loc":{"start":{"line":65,"column":29},"end":{"line":123,"column":3}},"line":65},"5":{"name":"(anonymous_5)","decl":{"start":{"line":130,"column":27},"end":{"line":130,"column":28}},"loc":{"start":{"line":130,"column":38},"end":{"line":134,"column":3}},"line":130},"6":{"name":"(anonymous_6)","decl":{"start":{"line":135,"column":27},"end":{"line":135,"column":28}},"loc":{"start":{"line":135,"column":34},"end":{"line":139,"column":3}},"line":135},"7":{"name":"(anonymous_7)","decl":{"start":{"line":140,"column":18},"end":{"line":140,"column":19}},"loc":{"start":{"line":140,"column":24},"end":{"line":143,"column":3}},"line":140}},"branchMap":{"0":{"loc":{"start":{"line":21,"column":4},"end":{"line":25,"column":5}},"type":"if","locations":[{"start":{"line":21,"column":4},"end":{"line":25,"column":5}},{"start":{"line":21,"column":4},"end":{"line":25,"column":5}}],"line":21},"1":{"loc":{"start":{"line":28,"column":22},"end":{"line":28,"column":137}},"type":"cond-expr","locations":[{"start":{"line":28,"column":57},"end":{"line":28,"column":133}},{"start":{"line":28,"column":136},"end":{"line":28,"column":137}}],"line":28},"2":{"loc":{"start":{"line":28,"column":22},"end":{"line":28,"column":54}},"type":"binary-expr","locations":[{"start":{"line":28,"column":22},"end":{"line":28,"column":32}},{"start":{"line":28,"column":36},"end":{"line":28,"column":54}}],"line":28},"3":{"loc":{"start":{"line":28,"column":92},"end":{"line":28,"column":132}},"type":"cond-expr","locations":[{"start":{"line":28,"column":104},"end":{"line":28,"column":122}},{"start":{"line":28,"column":125},"end":{"line":28,"column":132}}],"line":28},"4":{"loc":{"start":{"line":29,"column":22},"end":{"line":29,"column":137}},"type":"cond-expr","locations":[{"start":{"line":29,"column":57},"end":{"line":29,"column":133}},{"start":{"line":29,"column":136},"end":{"line":29,"column":137}}],"line":29},"5":{"loc":{"start":{"line":29,"column":22},"end":{"line":29,"column":54}},"type":"binary-expr","locations":[{"start":{"line":29,"column":22},"end":{"line":29,"column":32}},{"start":{"line":29,"column":36},"end":{"line":29,"column":54}}],"line":29},"6":{"loc":{"start":{"line":29,"column":92},"end":{"line":29,"column":132}},"type":"cond-expr","locations":[{"start":{"line":29,"column":104},"end":{"line":29,"column":122}},{"start":{"line":29,"column":125},"end":{"line":29,"column":132}}],"line":29},"7":{"loc":{"start":{"line":37,"column":4},"end":{"line":39,"column":5}},"type":"if","locations":[{"start":{"line":37,"column":4},"end":{"line":39,"column":5}},{"start":{"line":37,"column":4},"end":{"line":39,"column":5}}],"line":37},"8":{"loc":{"start":{"line":61,"column":4},"end":{"line":63,"column":5}},"type":"if","locations":[{"start":{"line":61,"column":4},"end":{"line":63,"column":5}},{"start":{"line":61,"column":4},"end":{"line":63,"column":5}}],"line":61},"9":{"loc":{"start":{"line":69,"column":4},"end":{"line":71,"column":5}},"type":"if","locations":[{"start":{"line":69,"column":4},"end":{"line":71,"column":5}},{"start":{"line":69,"column":4},"end":{"line":71,"column":5}}],"line":69},"10":{"loc":{"start":{"line":69,"column":8},"end":{"line":69,"column":49}},"type":"binary-expr","locations":[{"start":{"line":69,"column":8},"end":{"line":69,"column":31}},{"start":{"line":69,"column":35},"end":{"line":69,"column":49}}],"line":69},"11":{"loc":{"start":{"line":73,"column":19},"end":{"line":73,"column":43}},"type":"binary-expr","locations":[{"start":{"line":73,"column":19},"end":{"line":73,"column":27}},{"start":{"line":73,"column":31},"end":{"line":73,"column":43}}],"line":73},"12":{"loc":{"start":{"line":74,"column":4},"end":{"line":122,"column":5}},"type":"if","locations":[{"start":{"line":74,"column":4},"end":{"line":122,"column":5}},{"start":{"line":74,"column":4},"end":{"line":122,"column":5}}],"line":74},"13":{"loc":{"start":{"line":76,"column":6},"end":{"line":78,"column":7}},"type":"if","locations":[{"start":{"line":76,"column":6},"end":{"line":78,"column":7}},{"start":{"line":76,"column":6},"end":{"line":78,"column":7}}],"line":76},"14":{"loc":{"start":{"line":79,"column":6},"end":{"line":88,"column":7}},"type":"if","locations":[{"start":{"line":79,"column":6},"end":{"line":88,"column":7}},{"start":{"line":79,"column":6},"end":{"line":88,"column":7}}],"line":79},"15":{"loc":{"start":{"line":80,"column":8},"end":{"line":83,"column":81}},"type":"binary-expr","locations":[{"start":{"line":80,"column":9},"end":{"line":80,"column":25}},{"start":{"line":81,"column":13},"end":{"line":81,"column":83}},{"start":{"line":82,"column":12},"end":{"line":82,"column":28}},{"start":{"line":83,"column":11},"end":{"line":83,"column":80}}],"line":80},"16":{"loc":{"start":{"line":89,"column":6},"end":{"line":93,"column":7}},"type":"if","locations":[{"start":{"line":89,"column":6},"end":{"line":93,"column":7}},{"start":{"line":89,"column":6},"end":{"line":93,"column":7}}],"line":89},"17":{"loc":{"start":{"line":94,"column":6},"end":{"line":97,"column":7}},"type":"if","locations":[{"start":{"line":94,"column":6},"end":{"line":97,"column":7}},{"start":{"line":94,"column":6},"end":{"line":97,"column":7}}],"line":94},"18":{"loc":{"start":{"line":99,"column":40},"end":{"line":99,"column":80}},"type":"cond-expr","locations":[{"start":{"line":99,"column":52},"end":{"line":99,"column":70}},{"start":{"line":99,"column":73},"end":{"line":99,"column":80}}],"line":99},"19":{"loc":{"start":{"line":101,"column":40},"end":{"line":101,"column":80}},"type":"cond-expr","locations":[{"start":{"line":101,"column":52},"end":{"line":101,"column":70}},{"start":{"line":101,"column":73},"end":{"line":101,"column":80}}],"line":101},"20":{"loc":{"start":{"line":111,"column":6},"end":{"line":119,"column":7}},"type":"if","locations":[{"start":{"line":111,"column":6},"end":{"line":119,"column":7}},{"start":{"line":111,"column":6},"end":{"line":119,"column":7}}],"line":111}},"s":{"0":51,"1":51,"2":51,"3":49,"4":49,"5":49,"6":11,"7":11,"8":51,"9":12,"10":12,"11":12,"12":12,"13":12,"14":12,"15":0,"16":12,"17":12,"18":12,"19":12,"20":12,"21":12,"22":12,"23":12,"24":51,"25":13,"26":12,"27":51,"28":14,"29":0,"30":14,"31":14,"32":14,"33":0,"34":14,"35":2,"36":2,"37":12,"38":11,"39":11,"40":12,"41":11,"42":12,"43":12,"44":12,"45":12,"46":12,"47":12,"48":12,"49":1,"50":12,"51":12,"52":51,"53":14,"54":14,"55":51,"56":0,"57":0,"58":51,"59":48,"60":48,"61":51},"f":{"0":51,"1":49,"2":12,"3":13,"4":14,"5":14,"6":0,"7":48},"b":{"0":[11,38],"1":[11,1],"2":[12,12],"3":[0,11],"4":[11,1],"5":[12,12],"6":[0,11],"7":[0,12],"8":[12,1],"9":[0,14],"10":[14,14],"11":[14,0],"12":[14,0],"13":[0,14],"14":[2,12],"15":[14,2,13,1],"16":[11,1],"17":[11,1],"18":[0,12],"19":[0,12],"20":[1,11]},"_coverageSchema":"43e27e138ebf9cfc5966b082cf9a028302ed4184","hash":"742b547ccc3897a0d13bea9a3117420af2beed96"},"E:\\workspace_personal\\dyno-item\\src\\utils\\bounds.js":{"path":"E:\\workspace_personal\\dyno-item\\src\\utils\\bounds.js","statementMap":{"0":{"start":{"line":1,"column":26},"end":{"line":6,"column":1}},"1":{"start":{"line":2,"column":27},"end":{"line":2,"column":77}},"2":{"start":{"line":3,"column":12},"end":{"line":3,"column":63}},"3":{"start":{"line":4,"column":12},"end":{"line":4,"column":63}},"4":{"start":{"line":5,"column":2},"end":{"line":5,"column":16}},"5":{"start":{"line":9,"column":2},"end":{"line":11,"column":3}},"6":{"start":{"line":10,"column":4},"end":{"line":10,"column":15}},"7":{"start":{"line":13,"column":2},"end":{"line":15,"column":3}},"8":{"start":{"line":14,"column":4},"end":{"line":14,"column":15}},"9":{"start":{"line":17,"column":2},"end":{"line":17,"column":15}},"10":{"start":{"line":20,"column":30},"end":{"line":35,"column":2}},"11":{"start":{"line":22,"column":6},"end":{"line":35,"column":1}},"12":{"start":{"line":44,"column":25},"end":{"line":44,"column":29}},"13":{"start":{"line":46,"column":2},"end":{"line":66,"column":3}},"14":{"start":{"line":47,"column":4},"end":{"line":53,"column":5}},"15":{"start":{"line":49,"column":6},"end":{"line":49,"column":33}},"16":{"start":{"line":52,"column":6},"end":{"line":52,"column":33}},"17":{"start":{"line":54,"column":4},"end":{"line":65,"column":5}},"18":{"start":{"line":56,"column":6},"end":{"line":56,"column":49}},"19":{"start":{"line":58,"column":6},"end":{"line":58,"column":49}},"20":{"start":{"line":59,"column":11},"end":{"line":65,"column":5}},"21":{"start":{"line":61,"column":6},"end":{"line":61,"column":33}},"22":{"start":{"line":62,"column":11},"end":{"line":65,"column":5}},"23":{"start":{"line":64,"column":6},"end":{"line":64,"column":33}},"24":{"start":{"line":68,"column":2},"end":{"line":68,"column":25}},"25":{"start":{"line":70,"column":2},"end":{"line":70,"column":25}},"26":{"start":{"line":71,"column":17},"end":{"line":80,"column":3}},"27":{"start":{"line":81,"column":2},"end":{"line":127,"column":3}},"28":{"start":{"line":82,"column":4},"end":{"line":82,"column":34}},"29":{"start":{"line":83,"column":4},"end":{"line":83,"column":71}},"30":{"start":{"line":84,"column":4},"end":{"line":84,"column":32}},"31":{"start":{"line":85,"column":4},"end":{"line":85,"column":70}},"32":{"start":{"line":86,"column":4},"end":{"line":86,"column":36}},"33":{"start":{"line":87,"column":4},"end":{"line":87,"column":73}},"34":{"start":{"line":88,"column":4},"end":{"line":88,"column":38}},"35":{"start":{"line":89,"column":4},"end":{"line":89,"column":76}},"36":{"start":{"line":90,"column":4},"end":{"line":93,"column":5}},"37":{"start":{"line":91,"column":6},"end":{"line":91,"column":76}},"38":{"start":{"line":92,"column":6},"end":{"line":92,"column":77}},"39":{"start":{"line":94,"column":4},"end":{"line":97,"column":5}},"40":{"start":{"line":95,"column":6},"end":{"line":95,"column":76}},"41":{"start":{"line":96,"column":6},"end":{"line":96,"column":79}},"42":{"start":{"line":98,"column":4},"end":{"line":103,"column":5}},"43":{"start":{"line":99,"column":6},"end":{"line":99,"column":75}},"44":{"start":{"line":100,"column":6},"end":{"line":100,"column":73}},"45":{"start":{"line":101,"column":6},"end":{"line":101,"column":81}},"46":{"start":{"line":102,"column":6},"end":{"line":102,"column":83}},"47":{"start":{"line":105,"column":4},"end":{"line":105,"column":26}},"48":{"start":{"line":106,"column":4},"end":{"line":106,"column":71}},"49":{"start":{"line":107,"column":4},"end":{"line":107,"column":25}},"50":{"start":{"line":108,"column":4},"end":{"line":108,"column":70}},"51":{"start":{"line":109,"column":4},"end":{"line":109,"column":27}},"52":{"start":{"line":110,"column":4},"end":{"line":110,"column":73}},"53":{"start":{"line":111,"column":4},"end":{"line":111,"column":28}},"54":{"start":{"line":112,"column":4},"end":{"line":112,"column":76}},"55":{"start":{"line":113,"column":4},"end":{"line":116,"column":5}},"56":{"start":{"line":114,"column":6},"end":{"line":114,"column":39}},"57":{"start":{"line":115,"column":6},"end":{"line":115,"column":39}},"58":{"start":{"line":117,"column":4},"end":{"line":120,"column":5}},"59":{"start":{"line":118,"column":6},"end":{"line":118,"column":39}},"60":{"start":{"line":119,"column":6},"end":{"line":119,"column":39}},"61":{"start":{"line":121,"column":4},"end":{"line":126,"column":5}},"62":{"start":{"line":122,"column":6},"end":{"line":122,"column":65}},"63":{"start":{"line":123,"column":6},"end":{"line":123,"column":64}},"64":{"start":{"line":124,"column":6},"end":{"line":124,"column":64}},"65":{"start":{"line":125,"column":6},"end":{"line":125,"column":65}},"66":{"start":{"line":128,"column":2},"end":{"line":128,"column":16}}},"fnMap":{"0":{"name":"(anonymous_0)","decl":{"start":{"line":1,"column":26},"end":{"line":1,"column":27}},"loc":{"start":{"line":1,"column":67},"end":{"line":6,"column":1}},"line":1},"1":{"name":"restrictToBounds","decl":{"start":{"line":8,"column":16},"end":{"line":8,"column":32}},"loc":{"start":{"line":8,"column":50},"end":{"line":18,"column":1}},"line":8},"2":{"name":"(anonymous_2)","decl":{"start":{"line":20,"column":30},"end":{"line":20,"column":31}},"loc":{"start":{"line":22,"column":6},"end":{"line":35,"column":1}},"line":22},"3":{"name":"calcResizeLimits","decl":{"start":{"line":37,"column":16},"end":{"line":37,"column":32}},"loc":{"start":{"line":43,"column":2},"end":{"line":129,"column":1}},"line":43}},"branchMap":{"0":{"loc":{"start":{"line":1,"column":53},"end":{"line":1,"column":62}},"type":"default-arg","locations":[{"start":{"line":1,"column":61},"end":{"line":1,"column":62}}],"line":1},"1":{"loc":{"start":{"line":2,"column":27},"end":{"line":2,"column":77}},"type":"cond-expr","locations":[{"start":{"line":2,"column":55},"end":{"line":2,"column":69}},{"start":{"line":2,"column":72},"end":{"line":2,"column":77}}],"line":2},"2":{"loc":{"start":{"line":9,"column":2},"end":{"line":11,"column":3}},"type":"if","locations":[{"start":{"line":9,"column":2},"end":{"line":11,"column":3}},{"start":{"line":9,"column":2},"end":{"line":11,"column":3}}],"line":9},"3":{"loc":{"start":{"line":9,"column":6},"end":{"line":9,"column":33}},"type":"binary-expr","locations":[{"start":{"line":9,"column":6},"end":{"line":9,"column":18}},{"start":{"line":9,"column":22},"end":{"line":9,"column":33}}],"line":9},"4":{"loc":{"start":{"line":13,"column":2},"end":{"line":15,"column":3}},"type":"if","locations":[{"start":{"line":13,"column":2},"end":{"line":15,"column":3}},{"start":{"line":13,"column":2},"end":{"line":15,"column":3}}],"line":13},"5":{"loc":{"start":{"line":13,"column":6},"end":{"line":13,"column":33}},"type":"binary-expr","locations":[{"start":{"line":13,"column":6},"end":{"line":13,"column":18}},{"start":{"line":13,"column":22},"end":{"line":13,"column":33}}],"line":13},"6":{"loc":{"start":{"line":46,"column":2},"end":{"line":66,"column":3}},"type":"if","locations":[{"start":{"line":46,"column":2},"end":{"line":66,"column":3}},{"start":{"line":46,"column":2},"end":{"line":66,"column":3}}],"line":46},"7":{"loc":{"start":{"line":47,"column":4},"end":{"line":53,"column":5}},"type":"if","locations":[{"start":{"line":47,"column":4},"end":{"line":53,"column":5}},{"start":{"line":47,"column":4},"end":{"line":53,"column":5}}],"line":47},"8":{"loc":{"start":{"line":54,"column":4},"end":{"line":65,"column":5}},"type":"if","locations":[{"start":{"line":54,"column":4},"end":{"line":65,"column":5}},{"start":{"line":54,"column":4},"end":{"line":65,"column":5}}],"line":54},"9":{"loc":{"start":{"line":54,"column":8},"end":{"line":54,"column":20}},"type":"binary-expr","locations":[{"start":{"line":54,"column":8},"end":{"line":54,"column":12}},{"start":{"line":54,"column":16},"end":{"line":54,"column":20}}],"line":54},"10":{"loc":{"start":{"line":59,"column":11},"end":{"line":65,"column":5}},"type":"if","locations":[{"start":{"line":59,"column":11},"end":{"line":65,"column":5}},{"start":{"line":59,"column":11},"end":{"line":65,"column":5}}],"line":59},"11":{"loc":{"start":{"line":62,"column":11},"end":{"line":65,"column":5}},"type":"if","locations":[{"start":{"line":62,"column":11},"end":{"line":65,"column":5}},{"start":{"line":62,"column":11},"end":{"line":65,"column":5}}],"line":62},"12":{"loc":{"start":{"line":81,"column":2},"end":{"line":127,"column":3}},"type":"if","locations":[{"start":{"line":81,"column":2},"end":{"line":127,"column":3}},{"start":{"line":81,"column":2},"end":{"line":127,"column":3}}],"line":81},"13":{"loc":{"start":{"line":90,"column":4},"end":{"line":93,"column":5}},"type":"if","locations":[{"start":{"line":90,"column":4},"end":{"line":93,"column":5}},{"start":{"line":90,"column":4},"end":{"line":93,"column":5}}],"line":90},"14":{"loc":{"start":{"line":94,"column":4},"end":{"line":97,"column":5}},"type":"if","locations":[{"start":{"line":94,"column":4},"end":{"line":97,"column":5}},{"start":{"line":94,"column":4},"end":{"line":97,"column":5}}],"line":94},"15":{"loc":{"start":{"line":98,"column":4},"end":{"line":103,"column":5}},"type":"if","locations":[{"start":{"line":98,"column":4},"end":{"line":103,"column":5}},{"start":{"line":98,"column":4},"end":{"line":103,"column":5}}],"line":98},"16":{"loc":{"start":{"line":113,"column":4},"end":{"line":116,"column":5}},"type":"if","locations":[{"start":{"line":113,"column":4},"end":{"line":116,"column":5}},{"start":{"line":113,"column":4},"end":{"line":116,"column":5}}],"line":113},"17":{"loc":{"start":{"line":117,"column":4},"end":{"line":120,"column":5}},"type":"if","locations":[{"start":{"line":117,"column":4},"end":{"line":120,"column":5}},{"start":{"line":117,"column":4},"end":{"line":120,"column":5}}],"line":117},"18":{"loc":{"start":{"line":121,"column":4},"end":{"line":126,"column":5}},"type":"if","locations":[{"start":{"line":121,"column":4},"end":{"line":126,"column":5}},{"start":{"line":121,"column":4},"end":{"line":126,"column":5}}],"line":121},"19":{"loc":{"start":{"line":121,"column":8},"end":{"line":121,"column":41}},"type":"binary-expr","locations":[{"start":{"line":121,"column":8},"end":{"line":121,"column":23}},{"start":{"line":121,"column":28},"end":{"line":121,"column":32}},{"start":{"line":121,"column":36},"end":{"line":121,"column":40}}],"line":121}},"s":{"0":7,"1":84,"2":84,"3":84,"4":84,"5":161,"6":7,"7":154,"8":4,"9":150,"10":7,"11":1,"12":18,"13":18,"14":2,"15":0,"16":2,"17":2,"18":0,"19":0,"20":2,"21":0,"22":2,"23":0,"24":18,"25":18,"26":18,"27":18,"28":1,"29":1,"30":1,"31":1,"32":1,"33":1,"34":1,"35":1,"36":1,"37":0,"38":0,"39":1,"40":0,"41":0,"42":1,"43":1,"44":1,"45":1,"46":1,"47":17,"48":17,"49":17,"50":17,"51":17,"52":17,"53":17,"54":17,"55":17,"56":1,"57":1,"58":17,"59":1,"60":1,"61":17,"62":0,"63":0,"64":0,"65":0,"66":18},"f":{"0":84,"1":161,"2":1,"3":18},"b":{"0":[0],"1":[84,0],"2":[7,154],"3":[161,15],"4":[4,150],"5":[154,106],"6":[2,16],"7":[0,2],"8":[0,2],"9":[2,0],"10":[0,2],"11":[0,2],"12":[1,17],"13":[0,1],"14":[0,1],"15":[1,0],"16":[1,16],"17":[1,16],"18":[0,17],"19":[17,1,0]},"_coverageSchema":"43e27e138ebf9cfc5966b082cf9a028302ed4184","hash":"ceffdf5b92e1aaa6788c77c6c01706fd1df1af6e"},"E:\\workspace_personal\\dyno-item\\src\\utils\\dom.js":{"path":"E:\\workspace_personal\\dyno-item\\src\\utils\\dom.js","statementMap":{"0":{"start":{"line":1,"column":24},"end":{"line":13,"column":1}},"1":{"start":{"line":2,"column":2},"end":{"line":4,"column":3}},"2":{"start":{"line":3,"column":4},"end":{"line":3,"column":11}},"3":{"start":{"line":5,"column":2},"end":{"line":12,"column":3}},"4":{"start":{"line":6,"column":4},"end":{"line":6,"column":42}},"5":{"start":{"line":7,"column":9},"end":{"line":12,"column":3}},"6":{"start":{"line":8,"column":4},"end":{"line":8,"column":46}},"7":{"start":{"line":11,"column":4},"end":{"line":11,"column":31}},"8":{"start":{"line":23,"column":2},"end":{"line":29,"column":3}},"9":{"start":{"line":24,"column":20},"end":{"line":24,"column":57}},"10":{"start":{"line":25,"column":4},"end":{"line":28,"column":6}},"11":{"start":{"line":30,"column":2},"end":{"line":30,"column":22}},"12":{"start":{"line":34,"column":2},"end":{"line":34,"column":102}},"13":{"start":{"line":37,"column":2},"end":{"line":37,"column":36}},"14":{"start":{"line":41,"column":2},"end":{"line":41,"column":37}},"15":{"start":{"line":44,"column":13},"end":{"line":44,"column":15}},"16":{"start":{"line":45,"column":30},"end":{"line":51,"column":42}},"17":{"start":{"line":51,"column":19},"end":{"line":51,"column":41}},"18":{"start":{"line":53,"column":2},"end":{"line":53,"column":59}},"19":{"start":{"line":53,"column":46},"end":{"line":53,"column":59}},"20":{"start":{"line":55,"column":2},"end":{"line":59,"column":17}},"21":{"start":{"line":56,"column":4},"end":{"line":56,"column":57}},"22":{"start":{"line":56,"column":45},"end":{"line":56,"column":57}},"23":{"start":{"line":57,"column":4},"end":{"line":57,"column":40}},"24":{"start":{"line":57,"column":27},"end":{"line":57,"column":40}},"25":{"start":{"line":58,"column":4},"end":{"line":58,"column":27}},"26":{"start":{"line":60,"column":2},"end":{"line":60,"column":15}},"27":{"start":{"line":62,"column":27},"end":{"line":74,"column":1}},"28":{"start":{"line":63,"column":2},"end":{"line":65,"column":3}},"29":{"start":{"line":64,"column":4},"end":{"line":64,"column":11}},"30":{"start":{"line":66,"column":2},"end":{"line":73,"column":3}},"31":{"start":{"line":67,"column":4},"end":{"line":67,"column":42}},"32":{"start":{"line":68,"column":9},"end":{"line":73,"column":3}},"33":{"start":{"line":69,"column":4},"end":{"line":69,"column":49}},"34":{"start":{"line":72,"column":4},"end":{"line":72,"column":28}},"35":{"start":{"line":75,"column":28},"end":{"line":87,"column":1}},"36":{"start":{"line":76,"column":10},"end":{"line":76,"column":11}},"37":{"start":{"line":77,"column":10},"end":{"line":77,"column":11}},"38":{"start":{"line":79,"column":2},"end":{"line":82,"column":5}},"39":{"start":{"line":80,"column":4},"end":{"line":80,"column":39}},"40":{"start":{"line":81,"column":4},"end":{"line":81,"column":28}},"41":{"start":{"line":83,"column":2},"end":{"line":86,"column":4}},"42":{"start":{"line":88,"column":31},"end":{"line":94,"column":1}},"43":{"start":{"line":89,"column":16},"end":{"line":89,"column":44}},"44":{"start":{"line":90,"column":2},"end":{"line":93,"column":4}}},"fnMap":{"0":{"name":"(anonymous_0)","decl":{"start":{"line":1,"column":24},"end":{"line":1,"column":25}},"loc":{"start":{"line":1,"column":48},"end":{"line":13,"column":1}},"line":1},"1":{"name":"getParentSize","decl":{"start":{"line":22,"column":16},"end":{"line":22,"column":29}},"loc":{"start":{"line":22,"column":45},"end":{"line":31,"column":1}},"line":22},"2":{"name":"isFunction","decl":{"start":{"line":33,"column":16},"end":{"line":33,"column":26}},"loc":{"start":{"line":33,"column":33},"end":{"line":35,"column":1}},"line":33},"3":{"name":"computeWidth","decl":{"start":{"line":36,"column":16},"end":{"line":36,"column":28}},"loc":{"start":{"line":36,"column":55},"end":{"line":38,"column":1}},"line":36},"4":{"name":"computeHeight","decl":{"start":{"line":40,"column":16},"end":{"line":40,"column":29}},"loc":{"start":{"line":40,"column":57},"end":{"line":42,"column":1}},"line":40},"5":{"name":"matchesSelectorToParentElements","decl":{"start":{"line":43,"column":16},"end":{"line":43,"column":47}},"loc":{"start":{"line":43,"column":72},"end":{"line":61,"column":1}},"line":43},"6":{"name":"(anonymous_6)","decl":{"start":{"line":51,"column":9},"end":{"line":51,"column":10}},"loc":{"start":{"line":51,"column":19},"end":{"line":51,"column":41}},"line":51},"7":{"name":"(anonymous_7)","decl":{"start":{"line":62,"column":27},"end":{"line":62,"column":28}},"loc":{"start":{"line":62,"column":51},"end":{"line":74,"column":1}},"line":62},"8":{"name":"(anonymous_8)","decl":{"start":{"line":75,"column":28},"end":{"line":75,"column":29}},"loc":{"start":{"line":75,"column":42},"end":{"line":87,"column":1}},"line":75},"9":{"name":"(anonymous_9)","decl":{"start":{"line":79,"column":31},"end":{"line":79,"column":32}},"loc":{"start":{"line":79,"column":42},"end":{"line":82,"column":3}},"line":79},"10":{"name":"(anonymous_10)","decl":{"start":{"line":88,"column":31},"end":{"line":88,"column":32}},"loc":{"start":{"line":88,"column":40},"end":{"line":94,"column":1}},"line":88}},"branchMap":{"0":{"loc":{"start":{"line":2,"column":2},"end":{"line":4,"column":3}},"type":"if","locations":[{"start":{"line":2,"column":2},"end":{"line":4,"column":3}},{"start":{"line":2,"column":2},"end":{"line":4,"column":3}}],"line":2},"1":{"loc":{"start":{"line":5,"column":2},"end":{"line":12,"column":3}},"type":"if","locations":[{"start":{"line":5,"column":2},"end":{"line":12,"column":3}},{"start":{"line":5,"column":2},"end":{"line":12,"column":3}}],"line":5},"2":{"loc":{"start":{"line":7,"column":9},"end":{"line":12,"column":3}},"type":"if","locations":[{"start":{"line":7,"column":9},"end":{"line":12,"column":3}},{"start":{"line":7,"column":9},"end":{"line":12,"column":3}}],"line":7},"3":{"loc":{"start":{"line":23,"column":2},"end":{"line":29,"column":3}},"type":"if","locations":[{"start":{"line":23,"column":2},"end":{"line":29,"column":3}},{"start":{"line":23,"column":2},"end":{"line":29,"column":3}}],"line":23},"4":{"loc":{"start":{"line":34,"column":10},"end":{"line":34,"column":100}},"type":"binary-expr","locations":[{"start":{"line":34,"column":10},"end":{"line":34,"column":36}},{"start":{"line":34,"column":40},"end":{"line":34,"column":100}}],"line":34},"5":{"loc":{"start":{"line":53,"column":2},"end":{"line":53,"column":59}},"type":"if","locations":[{"start":{"line":53,"column":2},"end":{"line":53,"column":59}},{"start":{"line":53,"column":2},"end":{"line":53,"column":59}}],"line":53},"6":{"loc":{"start":{"line":56,"column":4},"end":{"line":56,"column":57}},"type":"if","locations":[{"start":{"line":56,"column":4},"end":{"line":56,"column":57}},{"start":{"line":56,"column":4},"end":{"line":56,"column":57}}],"line":56},"7":{"loc":{"start":{"line":57,"column":4},"end":{"line":57,"column":40}},"type":"if","locations":[{"start":{"line":57,"column":4},"end":{"line":57,"column":40}},{"start":{"line":57,"column":4},"end":{"line":57,"column":40}}],"line":57},"8":{"loc":{"start":{"line":63,"column":2},"end":{"line":65,"column":3}},"type":"if","locations":[{"start":{"line":63,"column":2},"end":{"line":65,"column":3}},{"start":{"line":63,"column":2},"end":{"line":65,"column":3}}],"line":63},"9":{"loc":{"start":{"line":66,"column":2},"end":{"line":73,"column":3}},"type":"if","locations":[{"start":{"line":66,"column":2},"end":{"line":73,"column":3}},{"start":{"line":66,"column":2},"end":{"line":73,"column":3}}],"line":66},"10":{"loc":{"start":{"line":68,"column":9},"end":{"line":73,"column":3}},"type":"if","locations":[{"start":{"line":68,"column":9},"end":{"line":73,"column":3}},{"start":{"line":68,"column":9},"end":{"line":73,"column":3}}],"line":68}},"s":{"0":7,"1":213,"2":0,"3":213,"4":0,"5":213,"6":213,"7":0,"8":53,"9":2,"10":2,"11":51,"12":6,"13":70,"14":70,"15":3,"16":3,"17":3,"18":3,"19":0,"20":3,"21":5,"22":2,"23":3,"24":1,"25":2,"26":0,"27":7,"28":340,"29":0,"30":340,"31":0,"32":340,"33":340,"34":0,"35":7,"36":53,"37":53,"38":53,"39":5,"40":5,"41":53,"42":7,"43":0,"44":0},"f":{"0":213,"1":53,"2":6,"3":70,"4":70,"5":3,"6":3,"7":340,"8":53,"9":5,"10":0},"b":{"0":[0,213],"1":[0,213],"2":[213,0],"3":[2,51],"4":[6,0],"5":[0,3],"6":[2,3],"7":[1,2],"8":[0,340],"9":[0,340],"10":[340,0]},"_coverageSchema":"43e27e138ebf9cfc5966b082cf9a028302ed4184","hash":"4455b443d6e5d6d12e69096f6e0a34703f115984"},"E:\\workspace_personal\\dyno-item\\src\\hooks\\transform.js":{"path":"E:\\workspace_personal\\dyno-item\\src\\hooks\\transform.js","statementMap":{"0":{"start":{"line":35,"column":23},"end":{"line":46,"column":3}},"1":{"start":{"line":36,"column":4},"end":{"line":45,"column":5}},"2":{"start":{"line":38,"column":6},"end":{"line":44,"column":8}},"3":{"start":{"line":47,"column":24},"end":{"line":58,"column":3}},"4":{"start":{"line":48,"column":21},"end":{"line":48,"column":76}},"5":{"start":{"line":49,"column":22},"end":{"line":49,"column":79}},"6":{"start":{"line":51,"column":4},"end":{"line":51,"column":29}},"7":{"start":{"line":53,"column":4},"end":{"line":53,"column":31}},"8":{"start":{"line":55,"column":4},"end":{"line":55,"column":29}},"9":{"start":{"line":57,"column":4},"end":{"line":57,"column":31}},"10":{"start":{"line":59,"column":22},"end":{"line":83,"column":3}},"11":{"start":{"line":60,"column":4},"end":{"line":62,"column":5}},"12":{"start":{"line":61,"column":6},"end":{"line":61,"column":13}},"13":{"start":{"line":63,"column":4},"end":{"line":63,"column":19}},"14":{"start":{"line":64,"column":17},"end":{"line":64,"column":20}},"15":{"start":{"line":66,"column":4},"end":{"line":69,"column":5}},"16":{"start":{"line":68,"column":6},"end":{"line":68,"column":55}},"17":{"start":{"line":72,"column":26},"end":{"line":72,"column":62}},"18":{"start":{"line":73,"column":21},"end":{"line":77,"column":5}},"19":{"start":{"line":78,"column":20},"end":{"line":78,"column":34}},"20":{"start":{"line":79,"column":4},"end":{"line":81,"column":5}},"21":{"start":{"line":80,"column":6},"end":{"line":80,"column":83}},"22":{"start":{"line":82,"column":4},"end":{"line":82,"column":39}},"23":{"start":{"line":84,"column":23},"end":{"line":107,"column":3}},"24":{"start":{"line":85,"column":4},"end":{"line":87,"column":5}},"25":{"start":{"line":86,"column":6},"end":{"line":86,"column":13}},"26":{"start":{"line":88,"column":4},"end":{"line":88,"column":19}},"27":{"start":{"line":89,"column":17},"end":{"line":89,"column":20}},"28":{"start":{"line":91,"column":4},"end":{"line":94,"column":5}},"29":{"start":{"line":93,"column":6},"end":{"line":93,"column":55}},"30":{"start":{"line":96,"column":27},"end":{"line":96,"column":71}},"31":{"start":{"line":97,"column":22},"end":{"line":101,"column":5}},"32":{"start":{"line":102,"column":19},"end":{"line":102,"column":32}},"33":{"start":{"line":103,"column":4},"end":{"line":105,"column":5}},"34":{"start":{"line":104,"column":6},"end":{"line":104,"column":83}},"35":{"start":{"line":106,"column":4},"end":{"line":106,"column":39}},"36":{"start":{"line":109,"column":27},"end":{"line":129,"column":3}},"37":{"start":{"line":110,"column":4},"end":{"line":112,"column":5}},"38":{"start":{"line":111,"column":6},"end":{"line":111,"column":13}},"39":{"start":{"line":113,"column":4},"end":{"line":121,"column":5}},"40":{"start":{"line":115,"column":6},"end":{"line":120,"column":8}},"41":{"start":{"line":124,"column":24},"end":{"line":124,"column":67}},"42":{"start":{"line":126,"column":4},"end":{"line":126,"column":92}},"43":{"start":{"line":128,"column":4},"end":{"line":128,"column":69}},"44":{"start":{"line":131,"column":25},"end":{"line":151,"column":3}},"45":{"start":{"line":132,"column":4},"end":{"line":134,"column":5}},"46":{"start":{"line":133,"column":6},"end":{"line":133,"column":13}},"47":{"start":{"line":135,"column":4},"end":{"line":143,"column":5}},"48":{"start":{"line":137,"column":6},"end":{"line":142,"column":8}},"49":{"start":{"line":146,"column":24},"end":{"line":146,"column":68}},"50":{"start":{"line":148,"column":4},"end":{"line":148,"column":89}},"51":{"start":{"line":150,"column":4},"end":{"line":150,"column":71}},"52":{"start":{"line":155,"column":2},"end":{"line":157,"column":5}},"53":{"start":{"line":155,"column":14},"end":{"line":155,"column":21}},"54":{"start":{"line":156,"column":4},"end":{"line":156,"column":22}},"55":{"start":{"line":158,"column":2},"end":{"line":160,"column":5}},"56":{"start":{"line":158,"column":14},"end":{"line":158,"column":21}},"57":{"start":{"line":159,"column":4},"end":{"line":159,"column":24}},"58":{"start":{"line":161,"column":2},"end":{"line":163,"column":5}},"59":{"start":{"line":161,"column":14},"end":{"line":161,"column":21}},"60":{"start":{"line":162,"column":4},"end":{"line":162,"column":22}},"61":{"start":{"line":164,"column":2},"end":{"line":166,"column":5}},"62":{"start":{"line":164,"column":14},"end":{"line":164,"column":21}},"63":{"start":{"line":165,"column":4},"end":{"line":165,"column":23}}},"fnMap":{"0":{"name":"useTransform","decl":{"start":{"line":25,"column":24},"end":{"line":25,"column":36}},"loc":{"start":{"line":34,"column":3},"end":{"line":167,"column":1}},"line":34},"1":{"name":"(anonymous_1)","decl":{"start":{"line":35,"column":23},"end":{"line":35,"column":24}},"loc":{"start":{"line":35,"column":29},"end":{"line":46,"column":3}},"line":35},"2":{"name":"(anonymous_2)","decl":{"start":{"line":47,"column":24},"end":{"line":47,"column":25}},"loc":{"start":{"line":47,"column":49},"end":{"line":58,"column":3}},"line":47},"3":{"name":"(anonymous_3)","decl":{"start":{"line":59,"column":22},"end":{"line":59,"column":23}},"loc":{"start":{"line":59,"column":31},"end":{"line":83,"column":3}},"line":59},"4":{"name":"(anonymous_4)","decl":{"start":{"line":84,"column":23},"end":{"line":84,"column":24}},"loc":{"start":{"line":84,"column":32},"end":{"line":107,"column":3}},"line":84},"5":{"name":"(anonymous_5)","decl":{"start":{"line":109,"column":27},"end":{"line":109,"column":28}},"loc":{"start":{"line":109,"column":36},"end":{"line":129,"column":3}},"line":109},"6":{"name":"(anonymous_6)","decl":{"start":{"line":131,"column":25},"end":{"line":131,"column":26}},"loc":{"start":{"line":131,"column":34},"end":{"line":151,"column":3}},"line":131},"7":{"name":"(anonymous_7)","decl":{"start":{"line":155,"column":8},"end":{"line":155,"column":9}},"loc":{"start":{"line":155,"column":14},"end":{"line":155,"column":21}},"line":155},"8":{"name":"(anonymous_8)","decl":{"start":{"line":155,"column":23},"end":{"line":155,"column":24}},"loc":{"start":{"line":155,"column":30},"end":{"line":157,"column":3}},"line":155},"9":{"name":"(anonymous_9)","decl":{"start":{"line":158,"column":8},"end":{"line":158,"column":9}},"loc":{"start":{"line":158,"column":14},"end":{"line":158,"column":21}},"line":158},"10":{"name":"(anonymous_10)","decl":{"start":{"line":158,"column":23},"end":{"line":158,"column":24}},"loc":{"start":{"line":158,"column":30},"end":{"line":160,"column":3}},"line":158},"11":{"name":"(anonymous_11)","decl":{"start":{"line":161,"column":8},"end":{"line":161,"column":9}},"loc":{"start":{"line":161,"column":14},"end":{"line":161,"column":21}},"line":161},"12":{"name":"(anonymous_12)","decl":{"start":{"line":161,"column":23},"end":{"line":161,"column":24}},"loc":{"start":{"line":161,"column":33},"end":{"line":163,"column":3}},"line":161},"13":{"name":"(anonymous_13)","decl":{"start":{"line":164,"column":8},"end":{"line":164,"column":9}},"loc":{"start":{"line":164,"column":14},"end":{"line":164,"column":21}},"line":164},"14":{"name":"(anonymous_14)","decl":{"start":{"line":164,"column":23},"end":{"line":164,"column":24}},"loc":{"start":{"line":164,"column":33},"end":{"line":166,"column":3}},"line":164}},"branchMap":{"0":{"loc":{"start":{"line":36,"column":4},"end":{"line":45,"column":5}},"type":"if","locations":[{"start":{"line":36,"column":4},"end":{"line":45,"column":5}},{"start":{"line":36,"column":4},"end":{"line":45,"column":5}}],"line":36},"1":{"loc":{"start":{"line":60,"column":4},"end":{"line":62,"column":5}},"type":"if","locations":[{"start":{"line":60,"column":4},"end":{"line":62,"column":5}},{"start":{"line":60,"column":4},"end":{"line":62,"column":5}}],"line":60},"2":{"loc":{"start":{"line":60,"column":8},"end":{"line":60,"column":40}},"type":"binary-expr","locations":[{"start":{"line":60,"column":8},"end":{"line":60,"column":22}},{"start":{"line":60,"column":26},"end":{"line":60,"column":40}}],"line":60},"3":{"loc":{"start":{"line":66,"column":4},"end":{"line":69,"column":5}},"type":"if","locations":[{"start":{"line":66,"column":4},"end":{"line":69,"column":5}},{"start":{"line":66,"column":4},"end":{"line":69,"column":5}}],"line":66},"4":{"loc":{"start":{"line":79,"column":4},"end":{"line":81,"column":5}},"type":"if","locations":[{"start":{"line":79,"column":4},"end":{"line":81,"column":5}},{"start":{"line":79,"column":4},"end":{"line":81,"column":5}}],"line":79},"5":{"loc":{"start":{"line":85,"column":4},"end":{"line":87,"column":5}},"type":"if","locations":[{"start":{"line":85,"column":4},"end":{"line":87,"column":5}},{"start":{"line":85,"column":4},"end":{"line":87,"column":5}}],"line":85},"6":{"loc":{"start":{"line":85,"column":8},"end":{"line":85,"column":40}},"type":"binary-expr","locations":[{"start":{"line":85,"column":8},"end":{"line":85,"column":22}},{"start":{"line":85,"column":26},"end":{"line":85,"column":40}}],"line":85},"7":{"loc":{"start":{"line":91,"column":4},"end":{"line":94,"column":5}},"type":"if","locations":[{"start":{"line":91,"column":4},"end":{"line":94,"column":5}},{"start":{"line":91,"column":4},"end":{"line":94,"column":5}}],"line":91},"8":{"loc":{"start":{"line":103,"column":4},"end":{"line":105,"column":5}},"type":"if","locations":[{"start":{"line":103,"column":4},"end":{"line":105,"column":5}},{"start":{"line":103,"column":4},"end":{"line":105,"column":5}}],"line":103},"9":{"loc":{"start":{"line":110,"column":4},"end":{"line":112,"column":5}},"type":"if","locations":[{"start":{"line":110,"column":4},"end":{"line":112,"column":5}},{"start":{"line":110,"column":4},"end":{"line":112,"column":5}}],"line":110},"10":{"loc":{"start":{"line":110,"column":8},"end":{"line":110,"column":40}},"type":"binary-expr","locations":[{"start":{"line":110,"column":8},"end":{"line":110,"column":22}},{"start":{"line":110,"column":26},"end":{"line":110,"column":40}}],"line":110},"11":{"loc":{"start":{"line":113,"column":4},"end":{"line":121,"column":5}},"type":"if","locations":[{"start":{"line":113,"column":4},"end":{"line":121,"column":5}},{"start":{"line":113,"column":4},"end":{"line":121,"column":5}}],"line":113},"12":{"loc":{"start":{"line":132,"column":4},"end":{"line":134,"column":5}},"type":"if","locations":[{"start":{"line":132,"column":4},"end":{"line":134,"column":5}},{"start":{"line":132,"column":4},"end":{"line":134,"column":5}}],"line":132},"13":{"loc":{"start":{"line":132,"column":8},"end":{"line":132,"column":40}},"type":"binary-expr","locations":[{"start":{"line":132,"column":8},"end":{"line":132,"column":22}},{"start":{"line":132,"column":26},"end":{"line":132,"column":40}}],"line":132},"14":{"loc":{"start":{"line":135,"column":4},"end":{"line":143,"column":5}},"type":"if","locations":[{"start":{"line":135,"column":4},"end":{"line":143,"column":5}},{"start":{"line":135,"column":4},"end":{"line":143,"column":5}}],"line":135}},"s":{"0":51,"1":6,"2":0,"3":51,"4":6,"5":6,"6":6,"7":6,"8":6,"9":6,"10":51,"11":4,"12":1,"13":3,"14":3,"15":3,"16":1,"17":3,"18":3,"19":3,"20":3,"21":1,"22":3,"23":51,"24":4,"25":1,"26":3,"27":3,"28":3,"29":1,"30":3,"31":3,"32":3,"33":3,"34":1,"35":3,"36":51,"37":2,"38":1,"39":1,"40":0,"41":1,"42":1,"43":1,"44":51,"45":2,"46":1,"47":1,"48":0,"49":1,"50":1,"51":1,"52":51,"53":53,"54":2,"55":51,"56":53,"57":2,"58":51,"59":55,"60":4,"61":51,"62":55,"63":4},"f":{"0":51,"1":6,"2":6,"3":4,"4":4,"5":2,"6":2,"7":53,"8":2,"9":53,"10":2,"11":55,"12":4,"13":55,"14":4},"b":{"0":[0,6],"1":[1,3],"2":[4,3],"3":[1,2],"4":[1,2],"5":[1,3],"6":[4,3],"7":[1,2],"8":[1,2],"9":[1,1],"10":[2,1],"11":[0,1],"12":[1,1],"13":[2,1],"14":[0,1]},"_coverageSchema":"43e27e138ebf9cfc5966b082cf9a028302ed4184","hash":"3280b8da0ee3a223c85190cff259163791db06c3"},"E:\\workspace_personal\\dyno-item\\src\\hooks\\resize.js":{"path":"E:\\workspace_personal\\dyno-item\\src\\hooks\\resize.js","statementMap":{"0":{"start":{"line":17,"column":23},"end":{"line":17,"column":33}},"1":{"start":{"line":18,"column":24},"end":{"line":18,"column":34}},"2":{"start":{"line":19,"column":23},"end":{"line":19,"column":32}},"3":{"start":{"line":20,"column":25},"end":{"line":20,"column":34}},"4":{"start":{"line":21,"column":19},"end":{"line":21,"column":29}},"5":{"start":{"line":22,"column":24},"end":{"line":25,"column":4}},"6":{"start":{"line":23,"column":4},"end":{"line":23,"column":36}},"7":{"start":{"line":23,"column":26},"end":{"line":23,"column":36}},"8":{"start":{"line":24,"column":4},"end":{"line":24,"column":25}},"9":{"start":{"line":26,"column":22},"end":{"line":26,"column":123}},"10":{"start":{"line":26,"column":38},"end":{"line":26,"column":121}},"11":{"start":{"line":27,"column":22},"end":{"line":27,"column":123}},"12":{"start":{"line":27,"column":38},"end":{"line":27,"column":121}},"13":{"start":{"line":28,"column":23},"end":{"line":106,"column":3}},"14":{"start":{"line":29,"column":18},"end":{"line":29,"column":30}},"15":{"start":{"line":30,"column":17},"end":{"line":30,"column":28}},"16":{"start":{"line":31,"column":19},"end":{"line":31,"column":32}},"17":{"start":{"line":32,"column":20},"end":{"line":32,"column":34}},"18":{"start":{"line":33,"column":22},"end":{"line":34,"column":50}},"19":{"start":{"line":35,"column":22},"end":{"line":36,"column":50}},"20":{"start":{"line":37,"column":4},"end":{"line":40,"column":5}},"21":{"start":{"line":39,"column":6},"end":{"line":39,"column":32}},"22":{"start":{"line":41,"column":4},"end":{"line":44,"column":5}},"23":{"start":{"line":43,"column":6},"end":{"line":43,"column":33}},"24":{"start":{"line":45,"column":29},"end":{"line":45,"column":86}},"25":{"start":{"line":46,"column":4},"end":{"line":64,"column":5}},"26":{"start":{"line":47,"column":6},"end":{"line":51,"column":8}},"27":{"start":{"line":52,"column":6},"end":{"line":54,"column":7}},"28":{"start":{"line":53,"column":8},"end":{"line":53,"column":91}},"29":{"start":{"line":55,"column":11},"end":{"line":64,"column":5}},"30":{"start":{"line":56,"column":6},"end":{"line":60,"column":8}},"31":{"start":{"line":61,"column":6},"end":{"line":63,"column":7}},"32":{"start":{"line":62,"column":8},"end":{"line":62,"column":77}},"33":{"start":{"line":65,"column":4},"end":{"line":83,"column":5}},"34":{"start":{"line":66,"column":6},"end":{"line":70,"column":8}},"35":{"start":{"line":71,"column":6},"end":{"line":73,"column":7}},"36":{"start":{"line":72,"column":8},"end":{"line":72,"column":85}},"37":{"start":{"line":74,"column":11},"end":{"line":83,"column":5}},"38":{"start":{"line":75,"column":6},"end":{"line":79,"column":8}},"39":{"start":{"line":80,"column":6},"end":{"line":82,"column":7}},"40":{"start":{"line":81,"column":8},"end":{"line":81,"column":77}},"41":{"start":{"line":85,"column":21},"end":{"line":85,"column":71}},"42":{"start":{"line":87,"column":22},"end":{"line":87,"column":74}},"43":{"start":{"line":88,"column":4},"end":{"line":90,"column":5}},"44":{"start":{"line":89,"column":6},"end":{"line":89,"column":13}},"45":{"start":{"line":92,"column":4},"end":{"line":92,"column":27}},"46":{"start":{"line":94,"column":4},"end":{"line":94,"column":25}},"47":{"start":{"line":96,"column":4},"end":{"line":96,"column":29}},"48":{"start":{"line":98,"column":4},"end":{"line":98,"column":31}},"49":{"start":{"line":100,"column":4},"end":{"line":100,"column":29}},"50":{"start":{"line":102,"column":4},"end":{"line":102,"column":31}},"51":{"start":{"line":103,"column":4},"end":{"line":103,"column":87}},"52":{"start":{"line":105,"column":4},"end":{"line":105,"column":26}},"53":{"start":{"line":107,"column":19},"end":{"line":117,"column":3}},"54":{"start":{"line":109,"column":4},"end":{"line":109,"column":32}},"55":{"start":{"line":110,"column":4},"end":{"line":110,"column":31}},"56":{"start":{"line":112,"column":4},"end":{"line":112,"column":31}},"57":{"start":{"line":114,"column":4},"end":{"line":114,"column":27}},"58":{"start":{"line":115,"column":4},"end":{"line":115,"column":90}},"59":{"start":{"line":116,"column":4},"end":{"line":116,"column":78}},"60":{"start":{"line":118,"column":21},"end":{"line":161,"column":3}},"61":{"start":{"line":121,"column":4},"end":{"line":123,"column":5}},"62":{"start":{"line":122,"column":6},"end":{"line":122,"column":13}},"63":{"start":{"line":124,"column":4},"end":{"line":126,"column":5}},"64":{"start":{"line":125,"column":6},"end":{"line":125,"column":13}},"65":{"start":{"line":127,"column":4},"end":{"line":127,"column":47}},"66":{"start":{"line":127,"column":27},"end":{"line":127,"column":47}},"67":{"start":{"line":130,"column":4},"end":{"line":136,"column":5}},"68":{"start":{"line":132,"column":6},"end":{"line":132,"column":55}},"69":{"start":{"line":135,"column":6},"end":{"line":135,"column":36}},"70":{"start":{"line":138,"column":4},"end":{"line":138,"column":30}},"71":{"start":{"line":140,"column":4},"end":{"line":140,"column":79}},"72":{"start":{"line":142,"column":4},"end":{"line":142,"column":79}},"73":{"start":{"line":144,"column":4},"end":{"line":144,"column":49}},"74":{"start":{"line":146,"column":4},"end":{"line":146,"column":51}},"75":{"start":{"line":148,"column":4},"end":{"line":148,"column":47}},"76":{"start":{"line":150,"column":4},"end":{"line":150,"column":53}},"77":{"start":{"line":152,"column":4},"end":{"line":158,"column":6}},"78":{"start":{"line":159,"column":4},"end":{"line":159,"column":75}},"79":{"start":{"line":160,"column":4},"end":{"line":160,"column":71}},"80":{"start":{"line":162,"column":26},"end":{"line":166,"column":3}},"81":{"start":{"line":164,"column":4},"end":{"line":164,"column":35}},"82":{"start":{"line":165,"column":4},"end":{"line":165,"column":26}},"83":{"start":{"line":167,"column":2},"end":{"line":170,"column":5}},"84":{"start":{"line":168,"column":4},"end":{"line":168,"column":63}},"85":{"start":{"line":169,"column":4},"end":{"line":169,"column":66}},"86":{"start":{"line":171,"column":2},"end":{"line":177,"column":4}}},"fnMap":{"0":{"name":"useResize","decl":{"start":{"line":12,"column":24},"end":{"line":12,"column":33}},"loc":{"start":{"line":16,"column":3},"end":{"line":178,"column":1}},"line":16},"1":{"name":"(anonymous_1)","decl":{"start":{"line":22,"column":33},"end":{"line":22,"column":34}},"loc":{"start":{"line":22,"column":39},"end":{"line":25,"column":3}},"line":22},"2":{"name":"(anonymous_2)","decl":{"start":{"line":26,"column":31},"end":{"line":26,"column":32}},"loc":{"start":{"line":26,"column":38},"end":{"line":26,"column":121}},"line":26},"3":{"name":"(anonymous_3)","decl":{"start":{"line":27,"column":31},"end":{"line":27,"column":32}},"loc":{"start":{"line":27,"column":38},"end":{"line":27,"column":121}},"line":27},"4":{"name":"(anonymous_4)","decl":{"start":{"line":28,"column":23},"end":{"line":28,"column":24}},"loc":{"start":{"line":28,"column":30},"end":{"line":106,"column":3}},"line":28},"5":{"name":"(anonymous_5)","decl":{"start":{"line":107,"column":19},"end":{"line":107,"column":20}},"loc":{"start":{"line":107,"column":25},"end":{"line":117,"column":3}},"line":107},"6":{"name":"(anonymous_6)","decl":{"start":{"line":118,"column":21},"end":{"line":118,"column":22}},"loc":{"start":{"line":118,"column":36},"end":{"line":161,"column":3}},"line":118},"7":{"name":"(anonymous_7)","decl":{"start":{"line":162,"column":26},"end":{"line":162,"column":27}},"loc":{"start":{"line":162,"column":41},"end":{"line":166,"column":3}},"line":162},"8":{"name":"(anonymous_8)","decl":{"start":{"line":167,"column":18},"end":{"line":167,"column":19}},"loc":{"start":{"line":167,"column":24},"end":{"line":170,"column":3}},"line":167}},"branchMap":{"0":{"loc":{"start":{"line":23,"column":4},"end":{"line":23,"column":36}},"type":"if","locations":[{"start":{"line":23,"column":4},"end":{"line":23,"column":36}},{"start":{"line":23,"column":4},"end":{"line":23,"column":36}}],"line":23},"1":{"loc":{"start":{"line":26,"column":38},"end":{"line":26,"column":121}},"type":"binary-expr","locations":[{"start":{"line":26,"column":38},"end":{"line":26,"column":59}},{"start":{"line":26,"column":64},"end":{"line":26,"column":90}},{"start":{"line":26,"column":94},"end":{"line":26,"column":120}}],"line":26},"2":{"loc":{"start":{"line":27,"column":38},"end":{"line":27,"column":121}},"type":"binary-expr","locations":[{"start":{"line":27,"column":38},"end":{"line":27,"column":59}},{"start":{"line":27,"column":64},"end":{"line":27,"column":90}},{"start":{"line":27,"column":94},"end":{"line":27,"column":120}}],"line":27},"3":{"loc":{"start":{"line":34,"column":9},"end":{"line":34,"column":49}},"type":"cond-expr","locations":[{"start":{"line":34,"column":21},"end":{"line":34,"column":39}},{"start":{"line":34,"column":42},"end":{"line":34,"column":49}}],"line":34},"4":{"loc":{"start":{"line":36,"column":9},"end":{"line":36,"column":49}},"type":"cond-expr","locations":[{"start":{"line":36,"column":21},"end":{"line":36,"column":39}},{"start":{"line":36,"column":42},"end":{"line":36,"column":49}}],"line":36},"5":{"loc":{"start":{"line":37,"column":4},"end":{"line":40,"column":5}},"type":"if","locations":[{"start":{"line":37,"column":4},"end":{"line":40,"column":5}},{"start":{"line":37,"column":4},"end":{"line":40,"column":5}}],"line":37},"6":{"loc":{"start":{"line":37,"column":8},"end":{"line":37,"column":40}},"type":"binary-expr","locations":[{"start":{"line":37,"column":8},"end":{"line":37,"column":27}},{"start":{"line":37,"column":31},"end":{"line":37,"column":40}}],"line":37},"7":{"loc":{"start":{"line":41,"column":4},"end":{"line":44,"column":5}},"type":"if","locations":[{"start":{"line":41,"column":4},"end":{"line":44,"column":5}},{"start":{"line":41,"column":4},"end":{"line":44,"column":5}}],"line":41},"8":{"loc":{"start":{"line":41,"column":8},"end":{"line":41,"column":41}},"type":"binary-expr","locations":[{"start":{"line":41,"column":8},"end":{"line":41,"column":28}},{"start":{"line":41,"column":32},"end":{"line":41,"column":41}}],"line":41},"9":{"loc":{"start":{"line":46,"column":4},"end":{"line":64,"column":5}},"type":"if","locations":[{"start":{"line":46,"column":4},"end":{"line":64,"column":5}},{"start":{"line":46,"column":4},"end":{"line":64,"column":5}}],"line":46},"10":{"loc":{"start":{"line":52,"column":6},"end":{"line":54,"column":7}},"type":"if","locations":[{"start":{"line":52,"column":6},"end":{"line":54,"column":7}},{"start":{"line":52,"column":6},"end":{"line":54,"column":7}}],"line":52},"11":{"loc":{"start":{"line":52,"column":10},"end":{"line":52,"column":46}},"type":"binary-expr","locations":[{"start":{"line":52,"column":10},"end":{"line":52,"column":31}},{"start":{"line":52,"column":35},"end":{"line":52,"column":46}}],"line":52},"12":{"loc":{"start":{"line":55,"column":11},"end":{"line":64,"column":5}},"type":"if","locations":[{"start":{"line":55,"column":11},"end":{"line":64,"column":5}},{"start":{"line":55,"column":11},"end":{"line":64,"column":5}}],"line":55},"13":{"loc":{"start":{"line":61,"column":6},"end":{"line":63,"column":7}},"type":"if","locations":[{"start":{"line":61,"column":6},"end":{"line":63,"column":7}},{"start":{"line":61,"column":6},"end":{"line":63,"column":7}}],"line":61},"14":{"loc":{"start":{"line":61,"column":10},"end":{"line":61,"column":46}},"type":"binary-expr","locations":[{"start":{"line":61,"column":10},"end":{"line":61,"column":31}},{"start":{"line":61,"column":35},"end":{"line":61,"column":46}}],"line":61},"15":{"loc":{"start":{"line":65,"column":4},"end":{"line":83,"column":5}},"type":"if","locations":[{"start":{"line":65,"column":4},"end":{"line":83,"column":5}},{"start":{"line":65,"column":4},"end":{"line":83,"column":5}}],"line":65},"16":{"loc":{"start":{"line":71,"column":6},"end":{"line":73,"column":7}},"type":"if","locations":[{"start":{"line":71,"column":6},"end":{"line":73,"column":7}},{"start":{"line":71,"column":6},"end":{"line":73,"column":7}}],"line":71},"17":{"loc":{"start":{"line":71,"column":10},"end":{"line":71,"column":46}},"type":"binary-expr","locations":[{"start":{"line":71,"column":10},"end":{"line":71,"column":31}},{"start":{"line":71,"column":35},"end":{"line":71,"column":46}}],"line":71},"18":{"loc":{"start":{"line":74,"column":11},"end":{"line":83,"column":5}},"type":"if","locations":[{"start":{"line":74,"column":11},"end":{"line":83,"column":5}},{"start":{"line":74,"column":11},"end":{"line":83,"column":5}}],"line":74},"19":{"loc":{"start":{"line":80,"column":6},"end":{"line":82,"column":7}},"type":"if","locations":[{"start":{"line":80,"column":6},"end":{"line":82,"column":7}},{"start":{"line":80,"column":6},"end":{"line":82,"column":7}}],"line":80},"20":{"loc":{"start":{"line":80,"column":10},"end":{"line":80,"column":46}},"type":"binary-expr","locations":[{"start":{"line":80,"column":10},"end":{"line":80,"column":31}},{"start":{"line":80,"column":35},"end":{"line":80,"column":46}}],"line":80},"21":{"loc":{"start":{"line":88,"column":4},"end":{"line":90,"column":5}},"type":"if","locations":[{"start":{"line":88,"column":4},"end":{"line":90,"column":5}},{"start":{"line":88,"column":4},"end":{"line":90,"column":5}}],"line":88},"22":{"loc":{"start":{"line":121,"column":4},"end":{"line":123,"column":5}},"type":"if","locations":[{"start":{"line":121,"column":4},"end":{"line":123,"column":5}},{"start":{"line":121,"column":4},"end":{"line":123,"column":5}}],"line":121},"23":{"loc":{"start":{"line":121,"column":8},"end":{"line":121,"column":49}},"type":"binary-expr","locations":[{"start":{"line":121,"column":8},"end":{"line":121,"column":31}},{"start":{"line":121,"column":35},"end":{"line":121,"column":49}}],"line":121},"24":{"loc":{"start":{"line":124,"column":4},"end":{"line":126,"column":5}},"type":"if","locations":[{"start":{"line":124,"column":4},"end":{"line":126,"column":5}},{"start":{"line":124,"column":4},"end":{"line":126,"column":5}}],"line":124},"25":{"loc":{"start":{"line":127,"column":4},"end":{"line":127,"column":47}},"type":"if","locations":[{"start":{"line":127,"column":4},"end":{"line":127,"column":47}},{"start":{"line":127,"column":4},"end":{"line":127,"column":47}}],"line":127},"26":{"loc":{"start":{"line":130,"column":4},"end":{"line":136,"column":5}},"type":"if","locations":[{"start":{"line":130,"column":4},"end":{"line":136,"column":5}},{"start":{"line":130,"column":4},"end":{"line":136,"column":5}}],"line":130},"27":{"loc":{"start":{"line":130,"column":8},"end":{"line":130,"column":54}},"type":"binary-expr","locations":[{"start":{"line":130,"column":8},"end":{"line":130,"column":29}},{"start":{"line":130,"column":33},"end":{"line":130,"column":54}}],"line":130},"28":{"loc":{"start":{"line":140,"column":38},"end":{"line":140,"column":78}},"type":"cond-expr","locations":[{"start":{"line":140,"column":50},"end":{"line":140,"column":68}},{"start":{"line":140,"column":71},"end":{"line":140,"column":78}}],"line":140},"29":{"loc":{"start":{"line":142,"column":38},"end":{"line":142,"column":78}},"type":"cond-expr","locations":[{"start":{"line":142,"column":50},"end":{"line":142,"column":68}},{"start":{"line":142,"column":71},"end":{"line":142,"column":78}}],"line":142}},"s":{"0":51,"1":51,"2":51,"3":51,"4":51,"5":51,"6":51,"7":0,"8":51,"9":51,"10":0,"11":51,"12":0,"13":51,"14":64,"15":64,"16":64,"17":64,"18":64,"19":64,"20":64,"21":18,"22":64,"23":18,"24":64,"25":64,"26":43,"27":43,"28":0,"29":21,"30":6,"31":6,"32":0,"33":64,"34":38,"35":38,"36":3,"37":26,"38":18,"39":18,"40":0,"41":64,"42":64,"43":64,"44":0,"45":64,"46":64,"47":64,"48":64,"49":64,"50":64,"51":64,"52":64,"53":51,"54":1,"55":1,"56":1,"57":1,"58":1,"59":1,"60":51,"61":18,"62":0,"63":18,"64":0,"65":18,"66":18,"67":18,"68":2,"69":16,"70":18,"71":18,"72":18,"73":18,"74":18,"75":18,"76":18,"77":18,"78":18,"79":18,"80":51,"81":0,"82":0,"83":51,"84":48,"85":48,"86":51},"f":{"0":51,"1":51,"2":0,"3":0,"4":64,"5":1,"6":18,"7":0,"8":48},"b":{"0":[0,51],"1":[0,0,0],"2":[0,0,0],"3":[0,64],"4":[0,64],"5":[18,46],"6":[64,18],"7":[18,46],"8":[64,18],"9":[43,21],"10":[0,43],"11":[43,0],"12":[6,15],"13":[0,6],"14":[6,0],"15":[38,26],"16":[3,35],"17":[38,3],"18":[18,8],"19":[0,18],"20":[18,0],"21":[0,64],"22":[0,18],"23":[18,18],"24":[0,18],"25":[18,0],"26":[2,16],"27":[18,2],"28":[0,18],"29":[0,18]},"_coverageSchema":"43e27e138ebf9cfc5966b082cf9a028302ed4184","hash":"5b2707dc03943b6d45ac5ec1ebac8bdc8563b645"},"E:\\workspace_personal\\dyno-item\\src\\components\\classProps.js":{"path":"E:\\workspace_personal\\dyno-item\\src\\components\\classProps.js","statementMap":{},"fnMap":{},"branchMap":{},"s":{},"f":{},"b":{},"_coverageSchema":"43e27e138ebf9cfc5966b082cf9a028302ed4184","hash":"a82993eaaa8a9db946211a7fc5fe70909ac06b2f"},"E:\\workspace_personal\\dyno-item\\src\\components\\transformProps.js":{"path":"E:\\workspace_personal\\dyno-item\\src\\components\\transformProps.js","statementMap":{"0":{"start":{"line":13,"column":6},"end":{"line":15,"column":7}},"1":{"start":{"line":14,"column":8},"end":{"line":14,"column":23}},"2":{"start":{"line":16,"column":6},"end":{"line":16,"column":28}},"3":{"start":{"line":23,"column":6},"end":{"line":25,"column":7}},"4":{"start":{"line":24,"column":8},"end":{"line":24,"column":23}},"5":{"start":{"line":26,"column":6},"end":{"line":26,"column":28}},"6":{"start":{"line":32,"column":24},"end":{"line":32,"column":32}},"7":{"start":{"line":37,"column":24},"end":{"line":37,"column":32}},"8":{"start":{"line":42,"column":24},"end":{"line":42,"column":32}},"9":{"start":{"line":47,"column":24},"end":{"line":47,"column":32}},"10":{"start":{"line":60,"column":25},"end":{"line":60,"column":76}},"11":{"start":{"line":65,"column":24},"end":{"line":65,"column":56}}},"fnMap":{"0":{"name":"(anonymous_0)","decl":{"start":{"line":12,"column":15},"end":{"line":12,"column":16}},"loc":{"start":{"line":12,"column":24},"end":{"line":17,"column":5}},"line":12},"1":{"name":"(anonymous_1)","decl":{"start":{"line":22,"column":15},"end":{"line":22,"column":16}},"loc":{"start":{"line":22,"column":24},"end":{"line":27,"column":5}},"line":22},"2":{"name":"(anonymous_2)","decl":{"start":{"line":32,"column":15},"end":{"line":32,"column":16}},"loc":{"start":{"line":32,"column":24},"end":{"line":32,"column":32}},"line":32},"3":{"name":"(anonymous_3)","decl":{"start":{"line":37,"column":15},"end":{"line":37,"column":16}},"loc":{"start":{"line":37,"column":24},"end":{"line":37,"column":32}},"line":37},"4":{"name":"(anonymous_4)","decl":{"start":{"line":42,"column":15},"end":{"line":42,"column":16}},"loc":{"start":{"line":42,"column":24},"end":{"line":42,"column":32}},"line":42},"5":{"name":"(anonymous_5)","decl":{"start":{"line":47,"column":15},"end":{"line":47,"column":16}},"loc":{"start":{"line":47,"column":24},"end":{"line":47,"column":32}},"line":47},"6":{"name":"(anonymous_6)","decl":{"start":{"line":60,"column":15},"end":{"line":60,"column":16}},"loc":{"start":{"line":60,"column":25},"end":{"line":60,"column":76}},"line":60},"7":{"name":"(anonymous_7)","decl":{"start":{"line":65,"column":15},"end":{"line":65,"column":16}},"loc":{"start":{"line":65,"column":24},"end":{"line":65,"column":56}},"line":65}},"branchMap":{"0":{"loc":{"start":{"line":13,"column":6},"end":{"line":15,"column":7}},"type":"if","locations":[{"start":{"line":13,"column":6},"end":{"line":15,"column":7}},{"start":{"line":13,"column":6},"end":{"line":15,"column":7}}],"line":13},"1":{"loc":{"start":{"line":23,"column":6},"end":{"line":25,"column":7}},"type":"if","locations":[{"start":{"line":23,"column":6},"end":{"line":25,"column":7}},{"start":{"line":23,"column":6},"end":{"line":25,"column":7}}],"line":23},"2":{"loc":{"start":{"line":60,"column":25},"end":{"line":60,"column":76}},"type":"cond-expr","locations":[{"start":{"line":60,"column":51},"end":{"line":60,"column":65}},{"start":{"line":60,"column":68},"end":{"line":60,"column":76}}],"line":60}},"s":{"0":77,"1":76,"2":1,"3":77,"4":76,"5":1,"6":77,"7":77,"8":1,"9":1,"10":77,"11":77},"f":{"0":77,"1":77,"2":77,"3":77,"4":1,"5":1,"6":77,"7":77},"b":{"0":[76,1],"1":[76,1],"2":[76,1]},"_coverageSchema":"43e27e138ebf9cfc5966b082cf9a028302ed4184","hash":"9c45f239973a657ecc91ba06afae6ee670687015"},"E:\\workspace_personal\\dyno-item\\src\\index.js":{"path":"E:\\workspace_personal\\dyno-item\\src\\index.js","statementMap":{"0":{"start":{"line":4,"column":23},"end":{"line":16,"column":2}},"1":{"start":{"line":4,"column":30},"end":{"line":16,"column":1}},"2":{"start":{"line":6,"column":33},"end":{"line":6,"column":70}},"3":{"start":{"line":8,"column":4},"end":{"line":14,"column":5}},"4":{"start":{"line":9,"column":6},"end":{"line":11,"column":7}},"5":{"start":{"line":10,"column":8},"end":{"line":10,"column":73}},"6":{"start":{"line":13,"column":6},"end":{"line":13,"column":45}}},"fnMap":{"0":{"name":"(anonymous_0)","decl":{"start":{"line":4,"column":23},"end":{"line":4,"column":24}},"loc":{"start":{"line":4,"column":30},"end":{"line":16,"column":1}},"line":4},"1":{"name":"(anonymous_1)","decl":{"start":{"line":5,"column":2},"end":{"line":5,"column":3}},"loc":{"start":{"line":5,"column":15},"end":{"line":15,"column":3}},"line":5}},"branchMap":{"0":{"loc":{"start":{"line":8,"column":4},"end":{"line":14,"column":5}},"type":"if","locations":[{"start":{"line":8,"column":4},"end":{"line":14,"column":5}},{"start":{"line":8,"column":4},"end":{"line":14,"column":5}}],"line":8},"1":{"loc":{"start":{"line":9,"column":6},"end":{"line":11,"column":7}},"type":"if","locations":[{"start":{"line":9,"column":6},"end":{"line":11,"column":7}},{"start":{"line":9,"column":6},"end":{"line":11,"column":7}}],"line":9}},"s":{"0":0,"1":0,"2":0,"3":0,"4":0,"5":0,"6":0},"f":{"0":0,"1":0},"b":{"0":[0,0],"1":[0,0]},"hash":"0b67871dcc6da9286bf0f3a6caad86656a8ea2cc"}}}